{"uid":"28ed7c7902ea51c2","name":"testCustomerCreation","fullName":"com.template.project.api.tests.featureflow.SampleTest.testCustomerCreation","historyId":"bbafe3222041f97369137b9206133a69","time":{"start":1700541220908,"stop":1700541225246,"duration":4338},"description":"Verify Customer creation","descriptionHtml":"<p>Verify Customer creation</p>\n","status":"failed","statusMessage":"1 expectation failed.\nExpected content-type \"JSON\" doesn't match actual content-type \"text/html;charset=UTF-8\".\n","statusTrace":"java.lang.AssertionError: 1 expectation failed.\nExpected content-type \"JSON\" doesn't match actual content-type \"text/html;charset=UTF-8\".\n\n\tat java.base/jdk.internal.reflect.NativeConstructorAccessorImpl.newInstance0(Native Method)\n\tat java.base/jdk.internal.reflect.NativeConstructorAccessorImpl.newInstance(NativeConstructorAccessorImpl.java:77)\n\tat java.base/jdk.internal.reflect.DelegatingConstructorAccessorImpl.newInstance(DelegatingConstructorAccessorImpl.java:45)\n\tat java.base/java.lang.reflect.Constructor.newInstanceWithCaller(Constructor.java:499)\n\tat java.base/java.lang.reflect.Constructor.newInstance(Constructor.java:480)\n\tat org.codehaus.groovy.reflection.CachedConstructor.invoke(CachedConstructor.java:73)\n\tat org.codehaus.groovy.runtime.callsite.ConstructorSite$ConstructorSiteNoUnwrapNoCoerce.callConstructor(ConstructorSite.java:108)\n\tat org.codehaus.groovy.runtime.callsite.CallSiteArray.defaultCallConstructor(CallSiteArray.java:57)\n\tat org.codehaus.groovy.runtime.callsite.AbstractCallSite.callConstructor(AbstractCallSite.java:263)\n\tat org.codehaus.groovy.runtime.callsite.AbstractCallSite.callConstructor(AbstractCallSite.java:277)\n\tat io.restassured.internal.ResponseSpecificationImpl$HamcrestAssertionClosure.validate(ResponseSpecificationImpl.groovy:512)\n\tat io.restassured.internal.ResponseSpecificationImpl$HamcrestAssertionClosure$validate$4.call(Unknown Source)\n\tat io.restassured.internal.ResponseSpecificationImpl.validateResponseIfRequired(ResponseSpecificationImpl.groovy:696)\n\tat io.restassured.internal.ResponseSpecificationImpl.this$2$validateResponseIfRequired(ResponseSpecificationImpl.groovy)\n\tat java.base/jdk.internal.reflect.NativeMethodAccessorImpl.invoke0(Native Method)\n\tat java.base/jdk.internal.reflect.NativeMethodAccessorImpl.invoke(NativeMethodAccessorImpl.java:77)\n\tat java.base/jdk.internal.reflect.DelegatingMethodAccessorImpl.invoke(DelegatingMethodAccessorImpl.java:43)\n\tat java.base/java.lang.reflect.Method.invoke(Method.java:568)\n\tat org.codehaus.groovy.runtime.callsite.PlainObjectMetaMethodSite.doInvoke(PlainObjectMetaMethodSite.java:43)\n\tat org.codehaus.groovy.runtime.callsite.PogoMetaMethodSite$PogoCachedMethodSiteNoUnwrapNoCoerce.invoke(PogoMetaMethodSite.java:198)\n\tat org.codehaus.groovy.runtime.callsite.PogoMetaMethodSite.callCurrent(PogoMetaMethodSite.java:62)\n\tat org.codehaus.groovy.runtime.callsite.AbstractCallSite.callCurrent(AbstractCallSite.java:185)\n\tat io.restassured.internal.ResponseSpecificationImpl.contentType(ResponseSpecificationImpl.groovy:435)\n\tat io.restassured.internal.ValidatableResponseOptionsImpl.contentType(ValidatableResponseOptionsImpl.java:220)\n\tat com.template.project.api.request.SampleRequests.createCustomer(SampleRequests.java:43)\n\tat com.template.project.api.tests.featureflow.SampleTest.testCustomerCreation(SampleTest.java:21)\n\tat java.base/jdk.internal.reflect.NativeMethodAccessorImpl.invoke0(Native Method)\n\tat java.base/jdk.internal.reflect.NativeMethodAccessorImpl.invoke(NativeMethodAccessorImpl.java:77)\n\tat java.base/jdk.internal.reflect.DelegatingMethodAccessorImpl.invoke(DelegatingMethodAccessorImpl.java:43)\n\tat java.base/java.lang.reflect.Method.invoke(Method.java:568)\n\tat org.testng.internal.invokers.MethodInvocationHelper.invokeMethod(MethodInvocationHelper.java:139)\n\tat org.testng.internal.invokers.TestInvoker.invokeMethod(TestInvoker.java:677)\n\tat org.testng.internal.invokers.TestInvoker.invokeTestMethod(TestInvoker.java:221)\n\tat org.testng.internal.invokers.MethodRunner.runInSequence(MethodRunner.java:50)\n\tat org.testng.internal.invokers.TestInvoker$MethodInvocationAgent.invoke(TestInvoker.java:969)\n\tat org.testng.internal.invokers.TestInvoker.invokeTestMethods(TestInvoker.java:194)\n\tat org.testng.internal.invokers.TestMethodWorker.invokeTestMethods(TestMethodWorker.java:148)\n\tat org.testng.internal.invokers.TestMethodWorker.run(TestMethodWorker.java:128)\n\tat java.base/java.util.concurrent.ThreadPoolExecutor.runWorker(ThreadPoolExecutor.java:1136)\n\tat java.base/java.util.concurrent.ThreadPoolExecutor$Worker.run(ThreadPoolExecutor.java:635)\n\tat java.base/java.lang.Thread.run(Thread.java:840)\n","flaky":false,"newFailed":false,"newBroken":false,"newPassed":false,"retriesCount":0,"retriesStatusChange":false,"beforeStages":[],"testStage":{"description":"Verify Customer creation","status":"failed","statusMessage":"1 expectation failed.\nExpected content-type \"JSON\" doesn't match actual content-type \"text/html;charset=UTF-8\".\n","statusTrace":"java.lang.AssertionError: 1 expectation failed.\nExpected content-type \"JSON\" doesn't match actual content-type \"text/html;charset=UTF-8\".\n\n\tat java.base/jdk.internal.reflect.NativeConstructorAccessorImpl.newInstance0(Native Method)\n\tat java.base/jdk.internal.reflect.NativeConstructorAccessorImpl.newInstance(NativeConstructorAccessorImpl.java:77)\n\tat java.base/jdk.internal.reflect.DelegatingConstructorAccessorImpl.newInstance(DelegatingConstructorAccessorImpl.java:45)\n\tat java.base/java.lang.reflect.Constructor.newInstanceWithCaller(Constructor.java:499)\n\tat java.base/java.lang.reflect.Constructor.newInstance(Constructor.java:480)\n\tat org.codehaus.groovy.reflection.CachedConstructor.invoke(CachedConstructor.java:73)\n\tat org.codehaus.groovy.runtime.callsite.ConstructorSite$ConstructorSiteNoUnwrapNoCoerce.callConstructor(ConstructorSite.java:108)\n\tat org.codehaus.groovy.runtime.callsite.CallSiteArray.defaultCallConstructor(CallSiteArray.java:57)\n\tat org.codehaus.groovy.runtime.callsite.AbstractCallSite.callConstructor(AbstractCallSite.java:263)\n\tat org.codehaus.groovy.runtime.callsite.AbstractCallSite.callConstructor(AbstractCallSite.java:277)\n\tat io.restassured.internal.ResponseSpecificationImpl$HamcrestAssertionClosure.validate(ResponseSpecificationImpl.groovy:512)\n\tat io.restassured.internal.ResponseSpecificationImpl$HamcrestAssertionClosure$validate$4.call(Unknown Source)\n\tat io.restassured.internal.ResponseSpecificationImpl.validateResponseIfRequired(ResponseSpecificationImpl.groovy:696)\n\tat io.restassured.internal.ResponseSpecificationImpl.this$2$validateResponseIfRequired(ResponseSpecificationImpl.groovy)\n\tat java.base/jdk.internal.reflect.NativeMethodAccessorImpl.invoke0(Native Method)\n\tat java.base/jdk.internal.reflect.NativeMethodAccessorImpl.invoke(NativeMethodAccessorImpl.java:77)\n\tat java.base/jdk.internal.reflect.DelegatingMethodAccessorImpl.invoke(DelegatingMethodAccessorImpl.java:43)\n\tat java.base/java.lang.reflect.Method.invoke(Method.java:568)\n\tat org.codehaus.groovy.runtime.callsite.PlainObjectMetaMethodSite.doInvoke(PlainObjectMetaMethodSite.java:43)\n\tat org.codehaus.groovy.runtime.callsite.PogoMetaMethodSite$PogoCachedMethodSiteNoUnwrapNoCoerce.invoke(PogoMetaMethodSite.java:198)\n\tat org.codehaus.groovy.runtime.callsite.PogoMetaMethodSite.callCurrent(PogoMetaMethodSite.java:62)\n\tat org.codehaus.groovy.runtime.callsite.AbstractCallSite.callCurrent(AbstractCallSite.java:185)\n\tat io.restassured.internal.ResponseSpecificationImpl.contentType(ResponseSpecificationImpl.groovy:435)\n\tat io.restassured.internal.ValidatableResponseOptionsImpl.contentType(ValidatableResponseOptionsImpl.java:220)\n\tat com.template.project.api.request.SampleRequests.createCustomer(SampleRequests.java:43)\n\tat com.template.project.api.tests.featureflow.SampleTest.testCustomerCreation(SampleTest.java:21)\n\tat java.base/jdk.internal.reflect.NativeMethodAccessorImpl.invoke0(Native Method)\n\tat java.base/jdk.internal.reflect.NativeMethodAccessorImpl.invoke(NativeMethodAccessorImpl.java:77)\n\tat java.base/jdk.internal.reflect.DelegatingMethodAccessorImpl.invoke(DelegatingMethodAccessorImpl.java:43)\n\tat java.base/java.lang.reflect.Method.invoke(Method.java:568)\n\tat org.testng.internal.invokers.MethodInvocationHelper.invokeMethod(MethodInvocationHelper.java:139)\n\tat org.testng.internal.invokers.TestInvoker.invokeMethod(TestInvoker.java:677)\n\tat org.testng.internal.invokers.TestInvoker.invokeTestMethod(TestInvoker.java:221)\n\tat org.testng.internal.invokers.MethodRunner.runInSequence(MethodRunner.java:50)\n\tat org.testng.internal.invokers.TestInvoker$MethodInvocationAgent.invoke(TestInvoker.java:969)\n\tat org.testng.internal.invokers.TestInvoker.invokeTestMethods(TestInvoker.java:194)\n\tat org.testng.internal.invokers.TestMethodWorker.invokeTestMethods(TestMethodWorker.java:148)\n\tat org.testng.internal.invokers.TestMethodWorker.run(TestMethodWorker.java:128)\n\tat java.base/java.util.concurrent.ThreadPoolExecutor.runWorker(ThreadPoolExecutor.java:1136)\n\tat java.base/java.util.concurrent.ThreadPoolExecutor$Worker.run(ThreadPoolExecutor.java:635)\n\tat java.base/java.lang.Thread.run(Thread.java:840)\n","steps":[{"name":"Create Customer using POST request","time":{"start":1700541221062,"stop":1700541225243,"duration":4181},"status":"failed","statusMessage":"1 expectation failed.\nExpected content-type \"JSON\" doesn't match actual content-type \"text/html;charset=UTF-8\".\n","statusTrace":"java.lang.AssertionError: 1 expectation failed.\nExpected content-type \"JSON\" doesn't match actual content-type \"text/html;charset=UTF-8\".\n\n\tat java.base/jdk.internal.reflect.NativeConstructorAccessorImpl.newInstance0(Native Method)\n\tat java.base/jdk.internal.reflect.NativeConstructorAccessorImpl.newInstance(NativeConstructorAccessorImpl.java:77)\n\tat java.base/jdk.internal.reflect.DelegatingConstructorAccessorImpl.newInstance(DelegatingConstructorAccessorImpl.java:45)\n\tat java.base/java.lang.reflect.Constructor.newInstanceWithCaller(Constructor.java:499)\n\tat java.base/java.lang.reflect.Constructor.newInstance(Constructor.java:480)\n\tat org.codehaus.groovy.reflection.CachedConstructor.invoke(CachedConstructor.java:73)\n\tat org.codehaus.groovy.runtime.callsite.ConstructorSite$ConstructorSiteNoUnwrapNoCoerce.callConstructor(ConstructorSite.java:108)\n\tat org.codehaus.groovy.runtime.callsite.CallSiteArray.defaultCallConstructor(CallSiteArray.java:57)\n\tat org.codehaus.groovy.runtime.callsite.AbstractCallSite.callConstructor(AbstractCallSite.java:263)\n\tat org.codehaus.groovy.runtime.callsite.AbstractCallSite.callConstructor(AbstractCallSite.java:277)\n\tat io.restassured.internal.ResponseSpecificationImpl$HamcrestAssertionClosure.validate(ResponseSpecificationImpl.groovy:512)\n\tat io.restassured.internal.ResponseSpecificationImpl$HamcrestAssertionClosure$validate$4.call(Unknown Source)\n\tat io.restassured.internal.ResponseSpecificationImpl.validateResponseIfRequired(ResponseSpecificationImpl.groovy:696)\n\tat io.restassured.internal.ResponseSpecificationImpl.this$2$validateResponseIfRequired(ResponseSpecificationImpl.groovy)\n\tat java.base/jdk.internal.reflect.NativeMethodAccessorImpl.invoke0(Native Method)\n\tat java.base/jdk.internal.reflect.NativeMethodAccessorImpl.invoke(NativeMethodAccessorImpl.java:77)\n\tat java.base/jdk.internal.reflect.DelegatingMethodAccessorImpl.invoke(DelegatingMethodAccessorImpl.java:43)\n\tat java.base/java.lang.reflect.Method.invoke(Method.java:568)\n\tat org.codehaus.groovy.runtime.callsite.PlainObjectMetaMethodSite.doInvoke(PlainObjectMetaMethodSite.java:43)\n\tat org.codehaus.groovy.runtime.callsite.PogoMetaMethodSite$PogoCachedMethodSiteNoUnwrapNoCoerce.invoke(PogoMetaMethodSite.java:198)\n\tat org.codehaus.groovy.runtime.callsite.PogoMetaMethodSite.callCurrent(PogoMetaMethodSite.java:62)\n\tat org.codehaus.groovy.runtime.callsite.AbstractCallSite.callCurrent(AbstractCallSite.java:185)\n\tat io.restassured.internal.ResponseSpecificationImpl.contentType(ResponseSpecificationImpl.groovy:435)\n\tat io.restassured.internal.ValidatableResponseOptionsImpl.contentType(ValidatableResponseOptionsImpl.java:220)\n\tat com.template.project.api.request.SampleRequests.createCustomer(SampleRequests.java:43)\n\tat com.template.project.api.tests.featureflow.SampleTest.testCustomerCreation(SampleTest.java:21)\n\tat java.base/jdk.internal.reflect.NativeMethodAccessorImpl.invoke0(Native Method)\n\tat java.base/jdk.internal.reflect.NativeMethodAccessorImpl.invoke(NativeMethodAccessorImpl.java:77)\n\tat java.base/jdk.internal.reflect.DelegatingMethodAccessorImpl.invoke(DelegatingMethodAccessorImpl.java:43)\n\tat java.base/java.lang.reflect.Method.invoke(Method.java:568)\n\tat org.testng.internal.invokers.MethodInvocationHelper.invokeMethod(MethodInvocationHelper.java:139)\n\tat org.testng.internal.invokers.TestInvoker.invokeMethod(TestInvoker.java:677)\n\tat org.testng.internal.invokers.TestInvoker.invokeTestMethod(TestInvoker.java:221)\n\tat org.testng.internal.invokers.MethodRunner.runInSequence(MethodRunner.java:50)\n\tat org.testng.internal.invokers.TestInvoker$MethodInvocationAgent.invoke(TestInvoker.java:969)\n\tat org.testng.internal.invokers.TestInvoker.invokeTestMethods(TestInvoker.java:194)\n\tat org.testng.internal.invokers.TestMethodWorker.invokeTestMethods(TestMethodWorker.java:148)\n\tat org.testng.internal.invokers.TestMethodWorker.run(TestMethodWorker.java:128)\n\tat java.base/java.util.concurrent.ThreadPoolExecutor.runWorker(ThreadPoolExecutor.java:1136)\n\tat java.base/java.util.concurrent.ThreadPoolExecutor$Worker.run(ThreadPoolExecutor.java:635)\n\tat java.base/java.lang.Thread.run(Thread.java:840)\n","steps":[{"name":"Get value from Environment config file","time":{"start":1700541221839,"stop":1700541221891,"duration":52},"status":"passed","steps":[{"name":"INFO: Tests are run on defaultconfig","time":{"start":1700541221850,"stop":1700541221864,"duration":14},"status":"passed","steps":[],"attachments":[],"parameters":[{"name":"message","value":"Tests are run on defaultconfig"}],"shouldDisplayMessage":false,"stepsCount":0,"attachmentsCount":0,"hasContent":true},{"name":"INFO: https://api.predic8.de:443 is read from environment file","time":{"start":1700541221890,"stop":1700541221891,"duration":1},"status":"passed","steps":[],"attachments":[],"parameters":[{"name":"message","value":"https://api.predic8.de:443 is read from environment file"}],"shouldDisplayMessage":false,"stepsCount":0,"attachmentsCount":0,"hasContent":true}],"attachments":[],"parameters":[{"name":"propName","value":"host_api"}],"shouldDisplayMessage":false,"stepsCount":2,"attachmentsCount":0,"hasContent":true},{"name":"INFO: Base URI : https://api.predic8.de:443","time":{"start":1700541222212,"stop":1700541222212,"duration":0},"status":"passed","steps":[],"attachments":[],"parameters":[{"name":"message","value":"Base URI : https://api.predic8.de:443"}],"shouldDisplayMessage":false,"stepsCount":0,"attachmentsCount":0,"hasContent":true},{"name":"INFO: Path : /shop/customers/","time":{"start":1700541222212,"stop":1700541222212,"duration":0},"status":"passed","steps":[],"attachments":[],"parameters":[{"name":"message","value":"Path : /shop/customers/"}],"shouldDisplayMessage":false,"stepsCount":0,"attachmentsCount":0,"hasContent":true}],"attachments":[{"uid":"f8feff3af5083b93","name":"request body :","source":"f8feff3af5083b93.txt","type":"text/plain","size":74},{"uid":"92c3ac0dc7558dde","name":"Request","source":"92c3ac0dc7558dde.html","type":"text/html","size":662},{"uid":"fc7e9ad8d926e885","name":"HTTP/1.1 301 Moved Permanently","source":"fc7e9ad8d926e885.html","type":"text/html","size":700}],"parameters":[{"name":"firstname","value":"customerFirstName"},{"name":"lastname","value":"customerLastName"}],"shouldDisplayMessage":true,"stepsCount":5,"attachmentsCount":3,"hasContent":true}],"attachments":[],"parameters":[],"shouldDisplayMessage":false,"stepsCount":6,"attachmentsCount":3,"hasContent":true},"afterStages":[],"labels":[{"name":"package","value":"com.template.project.api.tests.featureflow.SampleTest"},{"name":"testClass","value":"com.template.project.api.tests.featureflow.SampleTest"},{"name":"testMethod","value":"testCustomerCreation"},{"name":"parentSuite","value":"API integration suite"},{"name":"suite","value":"SHOP - Customer Flow"},{"name":"subSuite","value":"com.template.project.api.tests.featureflow.SampleTest"},{"name":"host","value":"fv-az914-4"},{"name":"thread","value":"2337@fv-az914-4.TestNG-test=SHOP - Customer Flow-1(19)"},{"name":"framework","value":"testng"},{"name":"language","value":"java"},{"name":"feature","value":"Shop"},{"name":"resultFormat","value":"allure2"}],"parameters":[],"links":[],"hidden":false,"retry":false,"extra":{"severity":"normal","retries":[],"categories":[{"name":"Product defects","matchedStatuses":[],"flaky":false}],"history":{"statistic":{"failed":117,"broken":1,"skipped":0,"passed":136,"unknown":0,"total":254},"items":[{"uid":"18edccf82fb725f4","reportUrl":"https://ParthibanRajasekaran.github.io/restassured-testng-allure/322//#testresult/18edccf82fb725f4","status":"failed","statusDetails":"1 expectation failed.\nExpected content-type \"JSON\" doesn't match actual content-type \"text/html;charset=UTF-8\".\n","time":{"start":1700454812991,"stop":1700454817163,"duration":4172}},{"uid":"9713be30e7a1563c","reportUrl":"https://ParthibanRajasekaran.github.io/restassured-testng-allure/321//#testresult/9713be30e7a1563c","status":"failed","statusDetails":"1 expectation failed.\nExpected content-type \"JSON\" doesn't match actual content-type \"text/html;charset=UTF-8\".\n","time":{"start":1700368307104,"stop":1700368311437,"duration":4333}},{"uid":"21f0b7ae8d6092ae","reportUrl":"https://ParthibanRajasekaran.github.io/restassured-testng-allure/320//#testresult/21f0b7ae8d6092ae","status":"failed","statusDetails":"1 expectation failed.\nExpected content-type \"JSON\" doesn't match actual content-type \"text/html;charset=UTF-8\".\n","time":{"start":1700281979299,"stop":1700281983219,"duration":3920}},{"uid":"b70051ca7a98b208","reportUrl":"https://ParthibanRajasekaran.github.io/restassured-testng-allure/319//#testresult/b70051ca7a98b208","status":"failed","statusDetails":"1 expectation failed.\nExpected content-type \"JSON\" doesn't match actual content-type \"text/html;charset=UTF-8\".\n","time":{"start":1700195598685,"stop":1700195603254,"duration":4569}},{"uid":"1e26893a89963b3","reportUrl":"https://ParthibanRajasekaran.github.io/restassured-testng-allure/318//#testresult/1e26893a89963b3","status":"failed","statusDetails":"1 expectation failed.\nExpected content-type \"JSON\" doesn't match actual content-type \"text/html;charset=UTF-8\".\n","time":{"start":1700109243543,"stop":1700109247527,"duration":3984}},{"uid":"e6fb5d59e41a66e2","reportUrl":"https://ParthibanRajasekaran.github.io/restassured-testng-allure/317//#testresult/e6fb5d59e41a66e2","status":"failed","statusDetails":"1 expectation failed.\nExpected content-type \"JSON\" doesn't match actual content-type \"text/html;charset=UTF-8\".\n","time":{"start":1700022744501,"stop":1700022748543,"duration":4042}},{"uid":"ec254c7a06046565","reportUrl":"https://ParthibanRajasekaran.github.io/restassured-testng-allure/316//#testresult/ec254c7a06046565","status":"failed","statusDetails":"1 expectation failed.\nExpected content-type \"JSON\" doesn't match actual content-type \"text/html;charset=UTF-8\".\n","time":{"start":1699936289406,"stop":1699936294622,"duration":5216}},{"uid":"b868594b4f304a62","reportUrl":"https://ParthibanRajasekaran.github.io/restassured-testng-allure/315//#testresult/b868594b4f304a62","status":"failed","statusDetails":"1 expectation failed.\nExpected content-type \"JSON\" doesn't match actual content-type \"text/html;charset=UTF-8\".\n","time":{"start":1699849950677,"stop":1699849955256,"duration":4579}},{"uid":"25b9872a6d42bf33","reportUrl":"https://ParthibanRajasekaran.github.io/restassured-testng-allure/314//#testresult/25b9872a6d42bf33","status":"failed","statusDetails":"1 expectation failed.\nExpected content-type \"JSON\" doesn't match actual content-type \"text/html;charset=UTF-8\".\n","time":{"start":1699763491862,"stop":1699763496721,"duration":4859}},{"uid":"b5b262ad023935cc","reportUrl":"https://ParthibanRajasekaran.github.io/restassured-testng-allure/313//#testresult/b5b262ad023935cc","status":"failed","statusDetails":"1 expectation failed.\nExpected content-type \"JSON\" doesn't match actual content-type \"text/html;charset=UTF-8\".\n","time":{"start":1699677104533,"stop":1699677109875,"duration":5342}},{"uid":"e440e1cf57f663db","reportUrl":"https://ParthibanRajasekaran.github.io/restassured-testng-allure/312//#testresult/e440e1cf57f663db","status":"failed","statusDetails":"1 expectation failed.\nExpected content-type \"JSON\" doesn't match actual content-type \"text/html;charset=UTF-8\".\n","time":{"start":1699590713171,"stop":1699590718873,"duration":5702}},{"uid":"5f68bd36b016d1f8","reportUrl":"https://ParthibanRajasekaran.github.io/restassured-testng-allure/311//#testresult/5f68bd36b016d1f8","status":"failed","statusDetails":"1 expectation failed.\nExpected content-type \"JSON\" doesn't match actual content-type \"text/html;charset=UTF-8\".\n","time":{"start":1699504397459,"stop":1699504404263,"duration":6804}},{"uid":"167f429e20c9c46a","reportUrl":"https://ParthibanRajasekaran.github.io/restassured-testng-allure/310//#testresult/167f429e20c9c46a","status":"failed","statusDetails":"1 expectation failed.\nExpected content-type \"JSON\" doesn't match actual content-type \"text/html;charset=UTF-8\".\n","time":{"start":1699417888970,"stop":1699417894059,"duration":5089}},{"uid":"7523393b3c0b9c4d","reportUrl":"https://ParthibanRajasekaran.github.io/restassured-testng-allure/309//#testresult/7523393b3c0b9c4d","status":"failed","statusDetails":"1 expectation failed.\nExpected content-type \"JSON\" doesn't match actual content-type \"text/html;charset=UTF-8\".\n","time":{"start":1699331493860,"stop":1699331497840,"duration":3980}},{"uid":"e3ef8397098257a6","reportUrl":"https://ParthibanRajasekaran.github.io/restassured-testng-allure/308//#testresult/e3ef8397098257a6","status":"failed","statusDetails":"1 expectation failed.\nExpected content-type \"JSON\" doesn't match actual content-type \"text/html;charset=UTF-8\".\n","time":{"start":1699245169369,"stop":1699245174673,"duration":5304}},{"uid":"82c94daa7f42f8fe","reportUrl":"https://ParthibanRajasekaran.github.io/restassured-testng-allure/307//#testresult/82c94daa7f42f8fe","status":"failed","statusDetails":"1 expectation failed.\nExpected content-type \"JSON\" doesn't match actual content-type \"text/html;charset=UTF-8\".\n","time":{"start":1699158679604,"stop":1699158684656,"duration":5052}},{"uid":"9f1c52b1a312af0b","reportUrl":"https://ParthibanRajasekaran.github.io/restassured-testng-allure/306//#testresult/9f1c52b1a312af0b","status":"failed","statusDetails":"1 expectation failed.\nExpected content-type \"JSON\" doesn't match actual content-type \"text/html;charset=UTF-8\".\n","time":{"start":1699072296138,"stop":1699072300996,"duration":4858}},{"uid":"a6598238c3e08ff7","reportUrl":"https://ParthibanRajasekaran.github.io/restassured-testng-allure/305//#testresult/a6598238c3e08ff7","status":"failed","statusDetails":"1 expectation failed.\nExpected content-type \"JSON\" doesn't match actual content-type \"text/html;charset=UTF-8\".\n","time":{"start":1698985911737,"stop":1698985918298,"duration":6561}},{"uid":"8f716ebec7e41160","reportUrl":"https://ParthibanRajasekaran.github.io/restassured-testng-allure/304//#testresult/8f716ebec7e41160","status":"failed","statusDetails":"1 expectation failed.\nExpected content-type \"JSON\" doesn't match actual content-type \"text/html;charset=UTF-8\".\n","time":{"start":1698899507352,"stop":1698899512828,"duration":5476}},{"uid":"80873b49ef379628","reportUrl":"https://ParthibanRajasekaran.github.io/restassured-testng-allure/303//#testresult/80873b49ef379628","status":"broken","statusDetails":"Connection refused","time":{"start":1698813088442,"stop":1698813092361,"duration":3919}}]},"tags":[]},"source":"28ed7c7902ea51c2.json","parameterValues":[]}