{"uid":"9d7a616c40d15c3b","name":"testCustomerDeletion","fullName":"com.template.project.api.tests.featureflow.SampleTest.testCustomerDeletion","historyId":"6ff6b5d54a39cb55faf0b6e18d6218a2","time":{"start":1692937939449,"stop":1692937944368,"duration":4919},"description":"Verify Customer deletion","descriptionHtml":"<p>Verify Customer deletion</p>\n","status":"failed","statusMessage":"1 expectation failed.\nExpected content-type \"JSON\" doesn't match actual content-type \"text/html;charset=UTF-8\".\n","statusTrace":"java.lang.AssertionError: 1 expectation failed.\nExpected content-type \"JSON\" doesn't match actual content-type \"text/html;charset=UTF-8\".\n\n\tat java.base/jdk.internal.reflect.NativeConstructorAccessorImpl.newInstance0(Native Method)\n\tat java.base/jdk.internal.reflect.NativeConstructorAccessorImpl.newInstance(NativeConstructorAccessorImpl.java:77)\n\tat java.base/jdk.internal.reflect.DelegatingConstructorAccessorImpl.newInstance(DelegatingConstructorAccessorImpl.java:45)\n\tat java.base/java.lang.reflect.Constructor.newInstanceWithCaller(Constructor.java:499)\n\tat java.base/java.lang.reflect.Constructor.newInstance(Constructor.java:480)\n\tat org.codehaus.groovy.reflection.CachedConstructor.invoke(CachedConstructor.java:73)\n\tat org.codehaus.groovy.runtime.callsite.ConstructorSite$ConstructorSiteNoUnwrapNoCoerce.callConstructor(ConstructorSite.java:108)\n\tat org.codehaus.groovy.runtime.callsite.AbstractCallSite.callConstructor(AbstractCallSite.java:277)\n\tat io.restassured.internal.ResponseSpecificationImpl$HamcrestAssertionClosure.validate(ResponseSpecificationImpl.groovy:512)\n\tat io.restassured.internal.ResponseSpecificationImpl$HamcrestAssertionClosure$validate$1.call(Unknown Source)\n\tat org.codehaus.groovy.runtime.callsite.CallSiteArray.defaultCall(CallSiteArray.java:45)\n\tat org.codehaus.groovy.runtime.callsite.AbstractCallSite.call(AbstractCallSite.java:125)\n\tat org.codehaus.groovy.runtime.callsite.AbstractCallSite.call(AbstractCallSite.java:139)\n\tat io.restassured.internal.ResponseSpecificationImpl.validateResponseIfRequired(ResponseSpecificationImpl.groovy:696)\n\tat io.restassured.internal.ResponseSpecificationImpl.this$2$validateResponseIfRequired(ResponseSpecificationImpl.groovy)\n\tat java.base/jdk.internal.reflect.NativeMethodAccessorImpl.invoke0(Native Method)\n\tat java.base/jdk.internal.reflect.NativeMethodAccessorImpl.invoke(NativeMethodAccessorImpl.java:77)\n\tat java.base/jdk.internal.reflect.DelegatingMethodAccessorImpl.invoke(DelegatingMethodAccessorImpl.java:43)\n\tat java.base/java.lang.reflect.Method.invoke(Method.java:568)\n\tat org.codehaus.groovy.runtime.callsite.PlainObjectMetaMethodSite.doInvoke(PlainObjectMetaMethodSite.java:43)\n\tat org.codehaus.groovy.runtime.callsite.PogoMetaMethodSite$PogoCachedMethodSiteNoUnwrapNoCoerce.invoke(PogoMetaMethodSite.java:198)\n\tat org.codehaus.groovy.runtime.callsite.PogoMetaMethodSite.callCurrent(PogoMetaMethodSite.java:62)\n\tat org.codehaus.groovy.runtime.callsite.CallSiteArray.defaultCallCurrent(CallSiteArray.java:49)\n\tat org.codehaus.groovy.runtime.callsite.AbstractCallSite.callCurrent(AbstractCallSite.java:171)\n\tat org.codehaus.groovy.runtime.callsite.AbstractCallSite.callCurrent(AbstractCallSite.java:185)\n\tat io.restassured.internal.ResponseSpecificationImpl.contentType(ResponseSpecificationImpl.groovy:435)\n\tat io.restassured.internal.ValidatableResponseOptionsImpl.contentType(ValidatableResponseOptionsImpl.java:220)\n\tat com.template.project.api.request.SampleRequests.createCustomer(SampleRequests.java:43)\n\tat com.template.project.api.tests.featureflow.SampleTest.testCustomerDeletion(SampleTest.java:73)\n\tat java.base/jdk.internal.reflect.NativeMethodAccessorImpl.invoke0(Native Method)\n\tat java.base/jdk.internal.reflect.NativeMethodAccessorImpl.invoke(NativeMethodAccessorImpl.java:77)\n\tat java.base/jdk.internal.reflect.DelegatingMethodAccessorImpl.invoke(DelegatingMethodAccessorImpl.java:43)\n\tat java.base/java.lang.reflect.Method.invoke(Method.java:568)\n\tat org.testng.internal.invokers.MethodInvocationHelper.invokeMethod(MethodInvocationHelper.java:139)\n\tat org.testng.internal.invokers.TestInvoker.invokeMethod(TestInvoker.java:677)\n\tat org.testng.internal.invokers.TestInvoker.invokeTestMethod(TestInvoker.java:221)\n\tat org.testng.internal.invokers.MethodRunner.runInSequence(MethodRunner.java:50)\n\tat org.testng.internal.invokers.TestInvoker$MethodInvocationAgent.invoke(TestInvoker.java:969)\n\tat org.testng.internal.invokers.TestInvoker.invokeTestMethods(TestInvoker.java:194)\n\tat org.testng.internal.invokers.TestMethodWorker.invokeTestMethods(TestMethodWorker.java:148)\n\tat org.testng.internal.invokers.TestMethodWorker.run(TestMethodWorker.java:128)\n\tat java.base/java.util.concurrent.ThreadPoolExecutor.runWorker(ThreadPoolExecutor.java:1136)\n\tat java.base/java.util.concurrent.ThreadPoolExecutor$Worker.run(ThreadPoolExecutor.java:635)\n\tat java.base/java.lang.Thread.run(Thread.java:833)\n","flaky":false,"newFailed":false,"newBroken":false,"newPassed":false,"retriesCount":0,"retriesStatusChange":false,"beforeStages":[],"testStage":{"description":"Verify Customer deletion","status":"failed","statusMessage":"1 expectation failed.\nExpected content-type \"JSON\" doesn't match actual content-type \"text/html;charset=UTF-8\".\n","statusTrace":"java.lang.AssertionError: 1 expectation failed.\nExpected content-type \"JSON\" doesn't match actual content-type \"text/html;charset=UTF-8\".\n\n\tat java.base/jdk.internal.reflect.NativeConstructorAccessorImpl.newInstance0(Native Method)\n\tat java.base/jdk.internal.reflect.NativeConstructorAccessorImpl.newInstance(NativeConstructorAccessorImpl.java:77)\n\tat java.base/jdk.internal.reflect.DelegatingConstructorAccessorImpl.newInstance(DelegatingConstructorAccessorImpl.java:45)\n\tat java.base/java.lang.reflect.Constructor.newInstanceWithCaller(Constructor.java:499)\n\tat java.base/java.lang.reflect.Constructor.newInstance(Constructor.java:480)\n\tat org.codehaus.groovy.reflection.CachedConstructor.invoke(CachedConstructor.java:73)\n\tat org.codehaus.groovy.runtime.callsite.ConstructorSite$ConstructorSiteNoUnwrapNoCoerce.callConstructor(ConstructorSite.java:108)\n\tat org.codehaus.groovy.runtime.callsite.AbstractCallSite.callConstructor(AbstractCallSite.java:277)\n\tat io.restassured.internal.ResponseSpecificationImpl$HamcrestAssertionClosure.validate(ResponseSpecificationImpl.groovy:512)\n\tat io.restassured.internal.ResponseSpecificationImpl$HamcrestAssertionClosure$validate$1.call(Unknown Source)\n\tat org.codehaus.groovy.runtime.callsite.CallSiteArray.defaultCall(CallSiteArray.java:45)\n\tat org.codehaus.groovy.runtime.callsite.AbstractCallSite.call(AbstractCallSite.java:125)\n\tat org.codehaus.groovy.runtime.callsite.AbstractCallSite.call(AbstractCallSite.java:139)\n\tat io.restassured.internal.ResponseSpecificationImpl.validateResponseIfRequired(ResponseSpecificationImpl.groovy:696)\n\tat io.restassured.internal.ResponseSpecificationImpl.this$2$validateResponseIfRequired(ResponseSpecificationImpl.groovy)\n\tat java.base/jdk.internal.reflect.NativeMethodAccessorImpl.invoke0(Native Method)\n\tat java.base/jdk.internal.reflect.NativeMethodAccessorImpl.invoke(NativeMethodAccessorImpl.java:77)\n\tat java.base/jdk.internal.reflect.DelegatingMethodAccessorImpl.invoke(DelegatingMethodAccessorImpl.java:43)\n\tat java.base/java.lang.reflect.Method.invoke(Method.java:568)\n\tat org.codehaus.groovy.runtime.callsite.PlainObjectMetaMethodSite.doInvoke(PlainObjectMetaMethodSite.java:43)\n\tat org.codehaus.groovy.runtime.callsite.PogoMetaMethodSite$PogoCachedMethodSiteNoUnwrapNoCoerce.invoke(PogoMetaMethodSite.java:198)\n\tat org.codehaus.groovy.runtime.callsite.PogoMetaMethodSite.callCurrent(PogoMetaMethodSite.java:62)\n\tat org.codehaus.groovy.runtime.callsite.CallSiteArray.defaultCallCurrent(CallSiteArray.java:49)\n\tat org.codehaus.groovy.runtime.callsite.AbstractCallSite.callCurrent(AbstractCallSite.java:171)\n\tat org.codehaus.groovy.runtime.callsite.AbstractCallSite.callCurrent(AbstractCallSite.java:185)\n\tat io.restassured.internal.ResponseSpecificationImpl.contentType(ResponseSpecificationImpl.groovy:435)\n\tat io.restassured.internal.ValidatableResponseOptionsImpl.contentType(ValidatableResponseOptionsImpl.java:220)\n\tat com.template.project.api.request.SampleRequests.createCustomer(SampleRequests.java:43)\n\tat com.template.project.api.tests.featureflow.SampleTest.testCustomerDeletion(SampleTest.java:73)\n\tat java.base/jdk.internal.reflect.NativeMethodAccessorImpl.invoke0(Native Method)\n\tat java.base/jdk.internal.reflect.NativeMethodAccessorImpl.invoke(NativeMethodAccessorImpl.java:77)\n\tat java.base/jdk.internal.reflect.DelegatingMethodAccessorImpl.invoke(DelegatingMethodAccessorImpl.java:43)\n\tat java.base/java.lang.reflect.Method.invoke(Method.java:568)\n\tat org.testng.internal.invokers.MethodInvocationHelper.invokeMethod(MethodInvocationHelper.java:139)\n\tat org.testng.internal.invokers.TestInvoker.invokeMethod(TestInvoker.java:677)\n\tat org.testng.internal.invokers.TestInvoker.invokeTestMethod(TestInvoker.java:221)\n\tat org.testng.internal.invokers.MethodRunner.runInSequence(MethodRunner.java:50)\n\tat org.testng.internal.invokers.TestInvoker$MethodInvocationAgent.invoke(TestInvoker.java:969)\n\tat org.testng.internal.invokers.TestInvoker.invokeTestMethods(TestInvoker.java:194)\n\tat org.testng.internal.invokers.TestMethodWorker.invokeTestMethods(TestMethodWorker.java:148)\n\tat org.testng.internal.invokers.TestMethodWorker.run(TestMethodWorker.java:128)\n\tat java.base/java.util.concurrent.ThreadPoolExecutor.runWorker(ThreadPoolExecutor.java:1136)\n\tat java.base/java.util.concurrent.ThreadPoolExecutor$Worker.run(ThreadPoolExecutor.java:635)\n\tat java.base/java.lang.Thread.run(Thread.java:833)\n","steps":[{"name":"Create Customer using POST request","time":{"start":1692937939632,"stop":1692937944365,"duration":4733},"status":"failed","statusMessage":"1 expectation failed.\nExpected content-type \"JSON\" doesn't match actual content-type \"text/html;charset=UTF-8\".\n","statusTrace":"java.lang.AssertionError: 1 expectation failed.\nExpected content-type \"JSON\" doesn't match actual content-type \"text/html;charset=UTF-8\".\n\n\tat java.base/jdk.internal.reflect.NativeConstructorAccessorImpl.newInstance0(Native Method)\n\tat java.base/jdk.internal.reflect.NativeConstructorAccessorImpl.newInstance(NativeConstructorAccessorImpl.java:77)\n\tat java.base/jdk.internal.reflect.DelegatingConstructorAccessorImpl.newInstance(DelegatingConstructorAccessorImpl.java:45)\n\tat java.base/java.lang.reflect.Constructor.newInstanceWithCaller(Constructor.java:499)\n\tat java.base/java.lang.reflect.Constructor.newInstance(Constructor.java:480)\n\tat org.codehaus.groovy.reflection.CachedConstructor.invoke(CachedConstructor.java:73)\n\tat org.codehaus.groovy.runtime.callsite.ConstructorSite$ConstructorSiteNoUnwrapNoCoerce.callConstructor(ConstructorSite.java:108)\n\tat org.codehaus.groovy.runtime.callsite.AbstractCallSite.callConstructor(AbstractCallSite.java:277)\n\tat io.restassured.internal.ResponseSpecificationImpl$HamcrestAssertionClosure.validate(ResponseSpecificationImpl.groovy:512)\n\tat io.restassured.internal.ResponseSpecificationImpl$HamcrestAssertionClosure$validate$1.call(Unknown Source)\n\tat org.codehaus.groovy.runtime.callsite.CallSiteArray.defaultCall(CallSiteArray.java:45)\n\tat org.codehaus.groovy.runtime.callsite.AbstractCallSite.call(AbstractCallSite.java:125)\n\tat org.codehaus.groovy.runtime.callsite.AbstractCallSite.call(AbstractCallSite.java:139)\n\tat io.restassured.internal.ResponseSpecificationImpl.validateResponseIfRequired(ResponseSpecificationImpl.groovy:696)\n\tat io.restassured.internal.ResponseSpecificationImpl.this$2$validateResponseIfRequired(ResponseSpecificationImpl.groovy)\n\tat java.base/jdk.internal.reflect.NativeMethodAccessorImpl.invoke0(Native Method)\n\tat java.base/jdk.internal.reflect.NativeMethodAccessorImpl.invoke(NativeMethodAccessorImpl.java:77)\n\tat java.base/jdk.internal.reflect.DelegatingMethodAccessorImpl.invoke(DelegatingMethodAccessorImpl.java:43)\n\tat java.base/java.lang.reflect.Method.invoke(Method.java:568)\n\tat org.codehaus.groovy.runtime.callsite.PlainObjectMetaMethodSite.doInvoke(PlainObjectMetaMethodSite.java:43)\n\tat org.codehaus.groovy.runtime.callsite.PogoMetaMethodSite$PogoCachedMethodSiteNoUnwrapNoCoerce.invoke(PogoMetaMethodSite.java:198)\n\tat org.codehaus.groovy.runtime.callsite.PogoMetaMethodSite.callCurrent(PogoMetaMethodSite.java:62)\n\tat org.codehaus.groovy.runtime.callsite.CallSiteArray.defaultCallCurrent(CallSiteArray.java:49)\n\tat org.codehaus.groovy.runtime.callsite.AbstractCallSite.callCurrent(AbstractCallSite.java:171)\n\tat org.codehaus.groovy.runtime.callsite.AbstractCallSite.callCurrent(AbstractCallSite.java:185)\n\tat io.restassured.internal.ResponseSpecificationImpl.contentType(ResponseSpecificationImpl.groovy:435)\n\tat io.restassured.internal.ValidatableResponseOptionsImpl.contentType(ValidatableResponseOptionsImpl.java:220)\n\tat com.template.project.api.request.SampleRequests.createCustomer(SampleRequests.java:43)\n\tat com.template.project.api.tests.featureflow.SampleTest.testCustomerDeletion(SampleTest.java:73)\n\tat java.base/jdk.internal.reflect.NativeMethodAccessorImpl.invoke0(Native Method)\n\tat java.base/jdk.internal.reflect.NativeMethodAccessorImpl.invoke(NativeMethodAccessorImpl.java:77)\n\tat java.base/jdk.internal.reflect.DelegatingMethodAccessorImpl.invoke(DelegatingMethodAccessorImpl.java:43)\n\tat java.base/java.lang.reflect.Method.invoke(Method.java:568)\n\tat org.testng.internal.invokers.MethodInvocationHelper.invokeMethod(MethodInvocationHelper.java:139)\n\tat org.testng.internal.invokers.TestInvoker.invokeMethod(TestInvoker.java:677)\n\tat org.testng.internal.invokers.TestInvoker.invokeTestMethod(TestInvoker.java:221)\n\tat org.testng.internal.invokers.MethodRunner.runInSequence(MethodRunner.java:50)\n\tat org.testng.internal.invokers.TestInvoker$MethodInvocationAgent.invoke(TestInvoker.java:969)\n\tat org.testng.internal.invokers.TestInvoker.invokeTestMethods(TestInvoker.java:194)\n\tat org.testng.internal.invokers.TestMethodWorker.invokeTestMethods(TestMethodWorker.java:148)\n\tat org.testng.internal.invokers.TestMethodWorker.run(TestMethodWorker.java:128)\n\tat java.base/java.util.concurrent.ThreadPoolExecutor.runWorker(ThreadPoolExecutor.java:1136)\n\tat java.base/java.util.concurrent.ThreadPoolExecutor$Worker.run(ThreadPoolExecutor.java:635)\n\tat java.base/java.lang.Thread.run(Thread.java:833)\n","steps":[{"name":"Get value from Environment config file","time":{"start":1692937940429,"stop":1692937940480,"duration":51},"status":"passed","steps":[{"name":"INFO: Tests are run on defaultconfig","time":{"start":1692937940430,"stop":1692937940445,"duration":15},"status":"passed","steps":[],"attachments":[],"parameters":[{"name":"message","value":"Tests are run on defaultconfig"}],"stepsCount":0,"attachmentsCount":0,"shouldDisplayMessage":false,"hasContent":true},{"name":"INFO: https://api.predic8.de:443 is read from environment file","time":{"start":1692937940480,"stop":1692937940480,"duration":0},"status":"passed","steps":[],"attachments":[],"parameters":[{"name":"message","value":"https://api.predic8.de:443 is read from environment file"}],"stepsCount":0,"attachmentsCount":0,"shouldDisplayMessage":false,"hasContent":true}],"attachments":[],"parameters":[{"name":"propName","value":"host_api"}],"stepsCount":2,"attachmentsCount":0,"shouldDisplayMessage":false,"hasContent":true},{"name":"INFO: Base URI : https://api.predic8.de:443","time":{"start":1692937940890,"stop":1692937940890,"duration":0},"status":"passed","steps":[],"attachments":[],"parameters":[{"name":"message","value":"Base URI : https://api.predic8.de:443"}],"stepsCount":0,"attachmentsCount":0,"shouldDisplayMessage":false,"hasContent":true},{"name":"INFO: Path : /shop/customers/","time":{"start":1692937940890,"stop":1692937940890,"duration":0},"status":"passed","steps":[],"attachments":[],"parameters":[{"name":"message","value":"Path : /shop/customers/"}],"stepsCount":0,"attachmentsCount":0,"shouldDisplayMessage":false,"hasContent":true}],"attachments":[{"uid":"ae774e8117f6fc67","name":"request body :","source":"ae774e8117f6fc67.txt","type":"text/plain","size":74},{"uid":"aac18739a1d1c6ad","name":"Request","source":"aac18739a1d1c6ad.html","type":"text/html","size":662},{"uid":"44a3d265250bbe64","name":"HTTP/1.1 301 Moved Permanently","source":"44a3d265250bbe64.html","type":"text/html","size":700}],"parameters":[{"name":"firstname","value":"customerFirstName"},{"name":"lastname","value":"customerLastName"}],"stepsCount":5,"attachmentsCount":3,"shouldDisplayMessage":true,"hasContent":true}],"attachments":[],"parameters":[],"stepsCount":6,"attachmentsCount":3,"shouldDisplayMessage":false,"hasContent":true},"afterStages":[],"labels":[{"name":"package","value":"com.template.project.api.tests.featureflow.SampleTest"},{"name":"testClass","value":"com.template.project.api.tests.featureflow.SampleTest"},{"name":"testMethod","value":"testCustomerDeletion"},{"name":"parentSuite","value":"API integration suite"},{"name":"suite","value":"SHOP - Customer Flow"},{"name":"subSuite","value":"com.template.project.api.tests.featureflow.SampleTest"},{"name":"host","value":"fv-az484-185"},{"name":"thread","value":"2133@fv-az484-185.TestNG-test=SHOP - Customer Flow-2(17)"},{"name":"framework","value":"testng"},{"name":"language","value":"java"},{"name":"feature","value":"Shop"},{"name":"resultFormat","value":"allure2"}],"parameters":[],"links":[],"hidden":false,"retry":false,"extra":{"severity":"normal","retries":[],"categories":[{"name":"Product defects","matchedStatuses":[],"flaky":false}],"history":{"statistic":{"failed":31,"broken":1,"skipped":0,"passed":135,"unknown":0,"total":167},"items":[{"uid":"d79277ff30f8d0ea","reportUrl":"https://ParthibanRajasekaran.github.io/restassured-testng-allure/234//#testresult/d79277ff30f8d0ea","status":"failed","statusDetails":"1 expectation failed.\nExpected content-type \"JSON\" doesn't match actual content-type \"text/html;charset=UTF-8\".\n","time":{"start":1692851495458,"stop":1692851501456,"duration":5998}},{"uid":"62708bface33371d","reportUrl":"https://ParthibanRajasekaran.github.io/restassured-testng-allure/233//#testresult/62708bface33371d","status":"failed","statusDetails":"1 expectation failed.\nExpected content-type \"JSON\" doesn't match actual content-type \"text/html;charset=UTF-8\".\n","time":{"start":1692765108062,"stop":1692765112673,"duration":4611}},{"uid":"767385e60a967687","reportUrl":"https://ParthibanRajasekaran.github.io/restassured-testng-allure/232//#testresult/767385e60a967687","status":"failed","statusDetails":"1 expectation failed.\nExpected content-type \"JSON\" doesn't match actual content-type \"text/html;charset=UTF-8\".\n","time":{"start":1692678714372,"stop":1692678719287,"duration":4915}},{"uid":"c8841f27c95b3bd2","reportUrl":"https://ParthibanRajasekaran.github.io/restassured-testng-allure/231//#testresult/c8841f27c95b3bd2","status":"failed","statusDetails":"1 expectation failed.\nExpected content-type \"JSON\" doesn't match actual content-type \"text/html;charset=UTF-8\".\n","time":{"start":1692592307918,"stop":1692592314260,"duration":6342}},{"uid":"ac18f09d2b24e57","reportUrl":"https://ParthibanRajasekaran.github.io/restassured-testng-allure/230//#testresult/ac18f09d2b24e57","status":"failed","statusDetails":"1 expectation failed.\nExpected content-type \"JSON\" doesn't match actual content-type \"text/html;charset=UTF-8\".\n","time":{"start":1692505900089,"stop":1692505905063,"duration":4974}},{"uid":"e707c7b59e75c6c9","reportUrl":"https://ParthibanRajasekaran.github.io/restassured-testng-allure/229//#testresult/e707c7b59e75c6c9","status":"failed","statusDetails":"1 expectation failed.\nExpected content-type \"JSON\" doesn't match actual content-type \"text/html;charset=UTF-8\".\n","time":{"start":1692419500899,"stop":1692419507063,"duration":6164}},{"uid":"17622da506b7abfe","reportUrl":"https://ParthibanRajasekaran.github.io/restassured-testng-allure/228//#testresult/17622da506b7abfe","status":"failed","statusDetails":"1 expectation failed.\nExpected content-type \"JSON\" doesn't match actual content-type \"text/html;charset=UTF-8\".\n","time":{"start":1692333095266,"stop":1692333100232,"duration":4966}},{"uid":"68790337e6b2d497","reportUrl":"https://ParthibanRajasekaran.github.io/restassured-testng-allure/227//#testresult/68790337e6b2d497","status":"failed","statusDetails":"1 expectation failed.\nExpected content-type \"JSON\" doesn't match actual content-type \"text/html;charset=UTF-8\".\n","time":{"start":1692246721656,"stop":1692246727549,"duration":5893}},{"uid":"e4386c5ce8b1901f","reportUrl":"https://ParthibanRajasekaran.github.io/restassured-testng-allure/226//#testresult/e4386c5ce8b1901f","status":"failed","statusDetails":"1 expectation failed.\nExpected content-type \"JSON\" doesn't match actual content-type \"text/html;charset=UTF-8\".\n","time":{"start":1692160294371,"stop":1692160300364,"duration":5993}},{"uid":"b1c62e28f42b95c0","reportUrl":"https://ParthibanRajasekaran.github.io/restassured-testng-allure/225//#testresult/b1c62e28f42b95c0","status":"failed","statusDetails":"1 expectation failed.\nExpected content-type \"JSON\" doesn't match actual content-type \"text/html;charset=UTF-8\".\n","time":{"start":1692073879154,"stop":1692073883873,"duration":4719}},{"uid":"6c4540f335590d10","reportUrl":"https://ParthibanRajasekaran.github.io/restassured-testng-allure/224//#testresult/6c4540f335590d10","status":"failed","statusDetails":"1 expectation failed.\nExpected content-type \"JSON\" doesn't match actual content-type \"text/html;charset=UTF-8\".\n","time":{"start":1691987498785,"stop":1691987505646,"duration":6861}},{"uid":"fc8ae8bd655f5ab8","reportUrl":"https://ParthibanRajasekaran.github.io/restassured-testng-allure/223//#testresult/fc8ae8bd655f5ab8","status":"failed","statusDetails":"1 expectation failed.\nExpected content-type \"JSON\" doesn't match actual content-type \"text/html;charset=UTF-8\".\n","time":{"start":1691901092822,"stop":1691901097796,"duration":4974}},{"uid":"39d910894238945f","reportUrl":"https://ParthibanRajasekaran.github.io/restassured-testng-allure/222//#testresult/39d910894238945f","status":"failed","statusDetails":"1 expectation failed.\nExpected content-type \"JSON\" doesn't match actual content-type \"text/html;charset=UTF-8\".\n","time":{"start":1691814690768,"stop":1691814695375,"duration":4607}},{"uid":"71df4ace20dce86c","reportUrl":"https://ParthibanRajasekaran.github.io/restassured-testng-allure/221//#testresult/71df4ace20dce86c","status":"failed","statusDetails":"Invalid status code: 200 expected [201] but found [200]","time":{"start":1691728308698,"stop":1691728314657,"duration":5959}},{"uid":"7b672b006781c8af","reportUrl":"https://ParthibanRajasekaran.github.io/restassured-testng-allure/220//#testresult/7b672b006781c8af","status":"failed","statusDetails":"Invalid status code: 200 expected [201] but found [200]","time":{"start":1691641902614,"stop":1691641906973,"duration":4359}},{"uid":"3543267d9ca9a2b4","reportUrl":"https://ParthibanRajasekaran.github.io/restassured-testng-allure/219//#testresult/3543267d9ca9a2b4","status":"failed","statusDetails":"Invalid status code: 200 expected [201] but found [200]","time":{"start":1691555476737,"stop":1691555481176,"duration":4439}},{"uid":"7ffc556575628155","reportUrl":"https://ParthibanRajasekaran.github.io/restassured-testng-allure/218//#testresult/7ffc556575628155","status":"failed","statusDetails":"Invalid status code: 200 expected [201] but found [200]","time":{"start":1691469105210,"stop":1691469111017,"duration":5807}},{"uid":"5bb9b1680547c34e","reportUrl":"https://ParthibanRajasekaran.github.io/restassured-testng-allure/217//#testresult/5bb9b1680547c34e","status":"failed","statusDetails":"Invalid status code: 200 expected [201] but found [200]","time":{"start":1691382702228,"stop":1691382706943,"duration":4715}},{"uid":"d3c1e301440ac725","reportUrl":"https://ParthibanRajasekaran.github.io/restassured-testng-allure/216//#testresult/d3c1e301440ac725","status":"failed","statusDetails":"Invalid status code: 200 expected [201] but found [200]","time":{"start":1691296300249,"stop":1691296304932,"duration":4683}},{"uid":"9c512bda3b2ac0b0","reportUrl":"https://ParthibanRajasekaran.github.io/restassured-testng-allure/215//#testresult/9c512bda3b2ac0b0","status":"failed","statusDetails":"Invalid status code: 200 expected [201] but found [200]","time":{"start":1691209923426,"stop":1691209929712,"duration":6286}}]},"tags":[]},"source":"9d7a616c40d15c3b.json","parameterValues":[]}