{"uid":"5dd2a7f15fee70f5","name":"testCustomerDetailsRetrieval","fullName":"com.template.project.api.tests.featureflow.SampleTest.testCustomerDetailsRetrieval","historyId":"f898b64c29b29e5925bcbaafa979d804","time":{"start":1692160300522,"stop":1692160300877,"duration":355},"description":"Verify Customer creation and retrieve created Customer details","descriptionHtml":"<p>Verify Customer creation and retrieve created Customer details</p>\n","status":"failed","statusMessage":"1 expectation failed.\nExpected content-type \"JSON\" doesn't match actual content-type \"text/html;charset=UTF-8\".\n","statusTrace":"java.lang.AssertionError: 1 expectation failed.\nExpected content-type \"JSON\" doesn't match actual content-type \"text/html;charset=UTF-8\".\n\n\tat java.base/jdk.internal.reflect.NativeConstructorAccessorImpl.newInstance0(Native Method)\n\tat java.base/jdk.internal.reflect.NativeConstructorAccessorImpl.newInstance(NativeConstructorAccessorImpl.java:77)\n\tat java.base/jdk.internal.reflect.DelegatingConstructorAccessorImpl.newInstance(DelegatingConstructorAccessorImpl.java:45)\n\tat java.base/java.lang.reflect.Constructor.newInstanceWithCaller(Constructor.java:499)\n\tat java.base/java.lang.reflect.Constructor.newInstance(Constructor.java:480)\n\tat org.codehaus.groovy.reflection.CachedConstructor.invoke(CachedConstructor.java:73)\n\tat org.codehaus.groovy.runtime.callsite.ConstructorSite$ConstructorSiteNoUnwrapNoCoerce.callConstructor(ConstructorSite.java:108)\n\tat org.codehaus.groovy.runtime.callsite.AbstractCallSite.callConstructor(AbstractCallSite.java:277)\n\tat io.restassured.internal.ResponseSpecificationImpl$HamcrestAssertionClosure.validate(ResponseSpecificationImpl.groovy:512)\n\tat io.restassured.internal.ResponseSpecificationImpl$HamcrestAssertionClosure$validate$1.call(Unknown Source)\n\tat io.restassured.internal.ResponseSpecificationImpl.validateResponseIfRequired(ResponseSpecificationImpl.groovy:696)\n\tat io.restassured.internal.ResponseSpecificationImpl.this$2$validateResponseIfRequired(ResponseSpecificationImpl.groovy)\n\tat java.base/jdk.internal.reflect.NativeMethodAccessorImpl.invoke0(Native Method)\n\tat java.base/jdk.internal.reflect.NativeMethodAccessorImpl.invoke(NativeMethodAccessorImpl.java:77)\n\tat java.base/jdk.internal.reflect.DelegatingMethodAccessorImpl.invoke(DelegatingMethodAccessorImpl.java:43)\n\tat java.base/java.lang.reflect.Method.invoke(Method.java:568)\n\tat org.codehaus.groovy.runtime.callsite.PlainObjectMetaMethodSite.doInvoke(PlainObjectMetaMethodSite.java:43)\n\tat org.codehaus.groovy.runtime.callsite.PogoMetaMethodSite$PogoCachedMethodSiteNoUnwrapNoCoerce.invoke(PogoMetaMethodSite.java:198)\n\tat org.codehaus.groovy.runtime.callsite.PogoMetaMethodSite.callCurrent(PogoMetaMethodSite.java:62)\n\tat org.codehaus.groovy.runtime.callsite.AbstractCallSite.callCurrent(AbstractCallSite.java:185)\n\tat io.restassured.internal.ResponseSpecificationImpl.contentType(ResponseSpecificationImpl.groovy:435)\n\tat io.restassured.internal.ValidatableResponseOptionsImpl.contentType(ValidatableResponseOptionsImpl.java:220)\n\tat com.template.project.api.request.SampleRequests.createCustomer(SampleRequests.java:43)\n\tat com.template.project.api.tests.featureflow.SampleTest.testCustomerDetailsRetrieval(SampleTest.java:33)\n\tat java.base/jdk.internal.reflect.NativeMethodAccessorImpl.invoke0(Native Method)\n\tat java.base/jdk.internal.reflect.NativeMethodAccessorImpl.invoke(NativeMethodAccessorImpl.java:77)\n\tat java.base/jdk.internal.reflect.DelegatingMethodAccessorImpl.invoke(DelegatingMethodAccessorImpl.java:43)\n\tat java.base/java.lang.reflect.Method.invoke(Method.java:568)\n\tat org.testng.internal.invokers.MethodInvocationHelper.invokeMethod(MethodInvocationHelper.java:139)\n\tat org.testng.internal.invokers.TestInvoker.invokeMethod(TestInvoker.java:677)\n\tat org.testng.internal.invokers.TestInvoker.invokeTestMethod(TestInvoker.java:221)\n\tat org.testng.internal.invokers.MethodRunner.runInSequence(MethodRunner.java:50)\n\tat org.testng.internal.invokers.TestInvoker$MethodInvocationAgent.invoke(TestInvoker.java:969)\n\tat org.testng.internal.invokers.TestInvoker.invokeTestMethods(TestInvoker.java:194)\n\tat org.testng.internal.invokers.TestMethodWorker.invokeTestMethods(TestMethodWorker.java:148)\n\tat org.testng.internal.invokers.TestMethodWorker.run(TestMethodWorker.java:128)\n\tat java.base/java.util.concurrent.ThreadPoolExecutor.runWorker(ThreadPoolExecutor.java:1136)\n\tat java.base/java.util.concurrent.ThreadPoolExecutor$Worker.run(ThreadPoolExecutor.java:635)\n\tat java.base/java.lang.Thread.run(Thread.java:833)\n","flaky":false,"newFailed":false,"newBroken":false,"newPassed":false,"retriesCount":0,"retriesStatusChange":false,"beforeStages":[],"testStage":{"description":"Verify Customer creation and retrieve created Customer details","status":"failed","statusMessage":"1 expectation failed.\nExpected content-type \"JSON\" doesn't match actual content-type \"text/html;charset=UTF-8\".\n","statusTrace":"java.lang.AssertionError: 1 expectation failed.\nExpected content-type \"JSON\" doesn't match actual content-type \"text/html;charset=UTF-8\".\n\n\tat java.base/jdk.internal.reflect.NativeConstructorAccessorImpl.newInstance0(Native Method)\n\tat java.base/jdk.internal.reflect.NativeConstructorAccessorImpl.newInstance(NativeConstructorAccessorImpl.java:77)\n\tat java.base/jdk.internal.reflect.DelegatingConstructorAccessorImpl.newInstance(DelegatingConstructorAccessorImpl.java:45)\n\tat java.base/java.lang.reflect.Constructor.newInstanceWithCaller(Constructor.java:499)\n\tat java.base/java.lang.reflect.Constructor.newInstance(Constructor.java:480)\n\tat org.codehaus.groovy.reflection.CachedConstructor.invoke(CachedConstructor.java:73)\n\tat org.codehaus.groovy.runtime.callsite.ConstructorSite$ConstructorSiteNoUnwrapNoCoerce.callConstructor(ConstructorSite.java:108)\n\tat org.codehaus.groovy.runtime.callsite.AbstractCallSite.callConstructor(AbstractCallSite.java:277)\n\tat io.restassured.internal.ResponseSpecificationImpl$HamcrestAssertionClosure.validate(ResponseSpecificationImpl.groovy:512)\n\tat io.restassured.internal.ResponseSpecificationImpl$HamcrestAssertionClosure$validate$1.call(Unknown Source)\n\tat io.restassured.internal.ResponseSpecificationImpl.validateResponseIfRequired(ResponseSpecificationImpl.groovy:696)\n\tat io.restassured.internal.ResponseSpecificationImpl.this$2$validateResponseIfRequired(ResponseSpecificationImpl.groovy)\n\tat java.base/jdk.internal.reflect.NativeMethodAccessorImpl.invoke0(Native Method)\n\tat java.base/jdk.internal.reflect.NativeMethodAccessorImpl.invoke(NativeMethodAccessorImpl.java:77)\n\tat java.base/jdk.internal.reflect.DelegatingMethodAccessorImpl.invoke(DelegatingMethodAccessorImpl.java:43)\n\tat java.base/java.lang.reflect.Method.invoke(Method.java:568)\n\tat org.codehaus.groovy.runtime.callsite.PlainObjectMetaMethodSite.doInvoke(PlainObjectMetaMethodSite.java:43)\n\tat org.codehaus.groovy.runtime.callsite.PogoMetaMethodSite$PogoCachedMethodSiteNoUnwrapNoCoerce.invoke(PogoMetaMethodSite.java:198)\n\tat org.codehaus.groovy.runtime.callsite.PogoMetaMethodSite.callCurrent(PogoMetaMethodSite.java:62)\n\tat org.codehaus.groovy.runtime.callsite.AbstractCallSite.callCurrent(AbstractCallSite.java:185)\n\tat io.restassured.internal.ResponseSpecificationImpl.contentType(ResponseSpecificationImpl.groovy:435)\n\tat io.restassured.internal.ValidatableResponseOptionsImpl.contentType(ValidatableResponseOptionsImpl.java:220)\n\tat com.template.project.api.request.SampleRequests.createCustomer(SampleRequests.java:43)\n\tat com.template.project.api.tests.featureflow.SampleTest.testCustomerDetailsRetrieval(SampleTest.java:33)\n\tat java.base/jdk.internal.reflect.NativeMethodAccessorImpl.invoke0(Native Method)\n\tat java.base/jdk.internal.reflect.NativeMethodAccessorImpl.invoke(NativeMethodAccessorImpl.java:77)\n\tat java.base/jdk.internal.reflect.DelegatingMethodAccessorImpl.invoke(DelegatingMethodAccessorImpl.java:43)\n\tat java.base/java.lang.reflect.Method.invoke(Method.java:568)\n\tat org.testng.internal.invokers.MethodInvocationHelper.invokeMethod(MethodInvocationHelper.java:139)\n\tat org.testng.internal.invokers.TestInvoker.invokeMethod(TestInvoker.java:677)\n\tat org.testng.internal.invokers.TestInvoker.invokeTestMethod(TestInvoker.java:221)\n\tat org.testng.internal.invokers.MethodRunner.runInSequence(MethodRunner.java:50)\n\tat org.testng.internal.invokers.TestInvoker$MethodInvocationAgent.invoke(TestInvoker.java:969)\n\tat org.testng.internal.invokers.TestInvoker.invokeTestMethods(TestInvoker.java:194)\n\tat org.testng.internal.invokers.TestMethodWorker.invokeTestMethods(TestMethodWorker.java:148)\n\tat org.testng.internal.invokers.TestMethodWorker.run(TestMethodWorker.java:128)\n\tat java.base/java.util.concurrent.ThreadPoolExecutor.runWorker(ThreadPoolExecutor.java:1136)\n\tat java.base/java.util.concurrent.ThreadPoolExecutor$Worker.run(ThreadPoolExecutor.java:635)\n\tat java.base/java.lang.Thread.run(Thread.java:833)\n","steps":[{"name":"Create Customer using POST request","time":{"start":1692160300522,"stop":1692160300866,"duration":344},"status":"failed","statusMessage":"1 expectation failed.\nExpected content-type \"JSON\" doesn't match actual content-type \"text/html;charset=UTF-8\".\n","statusTrace":"java.lang.AssertionError: 1 expectation failed.\nExpected content-type \"JSON\" doesn't match actual content-type \"text/html;charset=UTF-8\".\n\n\tat java.base/jdk.internal.reflect.NativeConstructorAccessorImpl.newInstance0(Native Method)\n\tat java.base/jdk.internal.reflect.NativeConstructorAccessorImpl.newInstance(NativeConstructorAccessorImpl.java:77)\n\tat java.base/jdk.internal.reflect.DelegatingConstructorAccessorImpl.newInstance(DelegatingConstructorAccessorImpl.java:45)\n\tat java.base/java.lang.reflect.Constructor.newInstanceWithCaller(Constructor.java:499)\n\tat java.base/java.lang.reflect.Constructor.newInstance(Constructor.java:480)\n\tat org.codehaus.groovy.reflection.CachedConstructor.invoke(CachedConstructor.java:73)\n\tat org.codehaus.groovy.runtime.callsite.ConstructorSite$ConstructorSiteNoUnwrapNoCoerce.callConstructor(ConstructorSite.java:108)\n\tat org.codehaus.groovy.runtime.callsite.AbstractCallSite.callConstructor(AbstractCallSite.java:277)\n\tat io.restassured.internal.ResponseSpecificationImpl$HamcrestAssertionClosure.validate(ResponseSpecificationImpl.groovy:512)\n\tat io.restassured.internal.ResponseSpecificationImpl$HamcrestAssertionClosure$validate$1.call(Unknown Source)\n\tat io.restassured.internal.ResponseSpecificationImpl.validateResponseIfRequired(ResponseSpecificationImpl.groovy:696)\n\tat io.restassured.internal.ResponseSpecificationImpl.this$2$validateResponseIfRequired(ResponseSpecificationImpl.groovy)\n\tat java.base/jdk.internal.reflect.NativeMethodAccessorImpl.invoke0(Native Method)\n\tat java.base/jdk.internal.reflect.NativeMethodAccessorImpl.invoke(NativeMethodAccessorImpl.java:77)\n\tat java.base/jdk.internal.reflect.DelegatingMethodAccessorImpl.invoke(DelegatingMethodAccessorImpl.java:43)\n\tat java.base/java.lang.reflect.Method.invoke(Method.java:568)\n\tat org.codehaus.groovy.runtime.callsite.PlainObjectMetaMethodSite.doInvoke(PlainObjectMetaMethodSite.java:43)\n\tat org.codehaus.groovy.runtime.callsite.PogoMetaMethodSite$PogoCachedMethodSiteNoUnwrapNoCoerce.invoke(PogoMetaMethodSite.java:198)\n\tat org.codehaus.groovy.runtime.callsite.PogoMetaMethodSite.callCurrent(PogoMetaMethodSite.java:62)\n\tat org.codehaus.groovy.runtime.callsite.AbstractCallSite.callCurrent(AbstractCallSite.java:185)\n\tat io.restassured.internal.ResponseSpecificationImpl.contentType(ResponseSpecificationImpl.groovy:435)\n\tat io.restassured.internal.ValidatableResponseOptionsImpl.contentType(ValidatableResponseOptionsImpl.java:220)\n\tat com.template.project.api.request.SampleRequests.createCustomer(SampleRequests.java:43)\n\tat com.template.project.api.tests.featureflow.SampleTest.testCustomerDetailsRetrieval(SampleTest.java:33)\n\tat java.base/jdk.internal.reflect.NativeMethodAccessorImpl.invoke0(Native Method)\n\tat java.base/jdk.internal.reflect.NativeMethodAccessorImpl.invoke(NativeMethodAccessorImpl.java:77)\n\tat java.base/jdk.internal.reflect.DelegatingMethodAccessorImpl.invoke(DelegatingMethodAccessorImpl.java:43)\n\tat java.base/java.lang.reflect.Method.invoke(Method.java:568)\n\tat org.testng.internal.invokers.MethodInvocationHelper.invokeMethod(MethodInvocationHelper.java:139)\n\tat org.testng.internal.invokers.TestInvoker.invokeMethod(TestInvoker.java:677)\n\tat org.testng.internal.invokers.TestInvoker.invokeTestMethod(TestInvoker.java:221)\n\tat org.testng.internal.invokers.MethodRunner.runInSequence(MethodRunner.java:50)\n\tat org.testng.internal.invokers.TestInvoker$MethodInvocationAgent.invoke(TestInvoker.java:969)\n\tat org.testng.internal.invokers.TestInvoker.invokeTestMethods(TestInvoker.java:194)\n\tat org.testng.internal.invokers.TestMethodWorker.invokeTestMethods(TestMethodWorker.java:148)\n\tat org.testng.internal.invokers.TestMethodWorker.run(TestMethodWorker.java:128)\n\tat java.base/java.util.concurrent.ThreadPoolExecutor.runWorker(ThreadPoolExecutor.java:1136)\n\tat java.base/java.util.concurrent.ThreadPoolExecutor$Worker.run(ThreadPoolExecutor.java:635)\n\tat java.base/java.lang.Thread.run(Thread.java:833)\n","steps":[{"name":"Get value from Environment config file","time":{"start":1692160300522,"stop":1692160300523,"duration":1},"status":"passed","steps":[{"name":"INFO: Tests are run on defaultconfig","time":{"start":1692160300522,"stop":1692160300522,"duration":0},"status":"passed","steps":[],"attachments":[],"parameters":[{"name":"message","value":"Tests are run on defaultconfig"}],"stepsCount":0,"attachmentsCount":0,"shouldDisplayMessage":false,"hasContent":true},{"name":"INFO: https://api.predic8.de:443 is read from environment file","time":{"start":1692160300523,"stop":1692160300523,"duration":0},"status":"passed","steps":[],"attachments":[],"parameters":[{"name":"message","value":"https://api.predic8.de:443 is read from environment file"}],"stepsCount":0,"attachmentsCount":0,"shouldDisplayMessage":false,"hasContent":true}],"attachments":[],"parameters":[{"name":"propName","value":"host_api"}],"stepsCount":2,"attachmentsCount":0,"shouldDisplayMessage":false,"hasContent":true},{"name":"INFO: Base URI : https://api.predic8.de:443","time":{"start":1692160300524,"stop":1692160300524,"duration":0},"status":"passed","steps":[],"attachments":[],"parameters":[{"name":"message","value":"Base URI : https://api.predic8.de:443"}],"stepsCount":0,"attachmentsCount":0,"shouldDisplayMessage":false,"hasContent":true},{"name":"INFO: Path : /shop/customers/","time":{"start":1692160300524,"stop":1692160300524,"duration":0},"status":"passed","steps":[],"attachments":[],"parameters":[{"name":"message","value":"Path : /shop/customers/"}],"stepsCount":0,"attachmentsCount":0,"shouldDisplayMessage":false,"hasContent":true}],"attachments":[{"uid":"b5b5679cc5deb326","name":"request body :","source":"b5b5679cc5deb326.txt","type":"text/plain","size":74},{"uid":"6c2d4ad29bc590f6","name":"Request","source":"6c2d4ad29bc590f6.html","type":"text/html","size":662},{"uid":"b893d34f205071e8","name":"HTTP/1.1 301 Moved Permanently","source":"b893d34f205071e8.html","type":"text/html","size":700}],"parameters":[{"name":"firstname","value":"customerFirstName"},{"name":"lastname","value":"customerLastName"}],"stepsCount":5,"attachmentsCount":3,"shouldDisplayMessage":true,"hasContent":true}],"attachments":[],"parameters":[],"stepsCount":6,"attachmentsCount":3,"shouldDisplayMessage":false,"hasContent":true},"afterStages":[],"labels":[{"name":"package","value":"com.template.project.api.tests.featureflow.SampleTest"},{"name":"testClass","value":"com.template.project.api.tests.featureflow.SampleTest"},{"name":"testMethod","value":"testCustomerDetailsRetrieval"},{"name":"parentSuite","value":"API integration suite"},{"name":"suite","value":"SHOP - Customer Flow"},{"name":"subSuite","value":"com.template.project.api.tests.featureflow.SampleTest"},{"name":"host","value":"fv-az444-247"},{"name":"thread","value":"2265@fv-az444-247.TestNG-test=SHOP - Customer Flow-1(16)"},{"name":"framework","value":"testng"},{"name":"language","value":"java"},{"name":"feature","value":"Shop"},{"name":"resultFormat","value":"allure2"}],"parameters":[],"links":[],"hidden":false,"retry":false,"extra":{"severity":"normal","retries":[],"categories":[{"name":"Product defects","matchedStatuses":[],"flaky":false}],"history":{"statistic":{"failed":22,"broken":0,"skipped":0,"passed":136,"unknown":0,"total":158},"items":[{"uid":"9536043a13756965","reportUrl":"https://ParthibanRajasekaran.github.io/restassured-testng-allure/225//#testresult/9536043a13756965","status":"failed","statusDetails":"1 expectation failed.\nExpected content-type \"JSON\" doesn't match actual content-type \"text/html;charset=UTF-8\".\n","time":{"start":1692073883976,"stop":1692073884337,"duration":361}},{"uid":"cdb5482d6b271785","reportUrl":"https://ParthibanRajasekaran.github.io/restassured-testng-allure/224//#testresult/cdb5482d6b271785","status":"failed","statusDetails":"1 expectation failed.\nExpected content-type \"JSON\" doesn't match actual content-type \"text/html;charset=UTF-8\".\n","time":{"start":1691987505799,"stop":1691987506371,"duration":572}},{"uid":"7a2b15c98c5ec474","reportUrl":"https://ParthibanRajasekaran.github.io/restassured-testng-allure/223//#testresult/7a2b15c98c5ec474","status":"failed","statusDetails":"1 expectation failed.\nExpected content-type \"JSON\" doesn't match actual content-type \"text/html;charset=UTF-8\".\n","time":{"start":1691901097924,"stop":1691901098283,"duration":359}},{"uid":"3c85f27a4730b982","reportUrl":"https://ParthibanRajasekaran.github.io/restassured-testng-allure/222//#testresult/3c85f27a4730b982","status":"failed","statusDetails":"1 expectation failed.\nExpected content-type \"JSON\" doesn't match actual content-type \"text/html;charset=UTF-8\".\n","time":{"start":1691814695466,"stop":1691814695798,"duration":332}},{"uid":"6b1a831311a5ed25","reportUrl":"https://ParthibanRajasekaran.github.io/restassured-testng-allure/221//#testresult/6b1a831311a5ed25","status":"failed","statusDetails":"Invalid status code: 200 expected [201] but found [200]","time":{"start":1691728314767,"stop":1691728315209,"duration":442}},{"uid":"98b73479722ff608","reportUrl":"https://ParthibanRajasekaran.github.io/restassured-testng-allure/220//#testresult/98b73479722ff608","status":"failed","statusDetails":"Invalid status code: 200 expected [201] but found [200]","time":{"start":1691641907060,"stop":1691641907399,"duration":339}},{"uid":"7805eca15cf73052","reportUrl":"https://ParthibanRajasekaran.github.io/restassured-testng-allure/219//#testresult/7805eca15cf73052","status":"failed","statusDetails":"Invalid status code: 200 expected [201] but found [200]","time":{"start":1691555481294,"stop":1691555481623,"duration":329}},{"uid":"6d3a8c0d1985194","reportUrl":"https://ParthibanRajasekaran.github.io/restassured-testng-allure/218//#testresult/6d3a8c0d1985194","status":"failed","statusDetails":"Invalid status code: 200 expected [201] but found [200]","time":{"start":1691469111136,"stop":1691469111580,"duration":444}},{"uid":"838d4d937d4d82e3","reportUrl":"https://ParthibanRajasekaran.github.io/restassured-testng-allure/217//#testresult/838d4d937d4d82e3","status":"failed","statusDetails":"Invalid status code: 200 expected [201] but found [200]","time":{"start":1691382707037,"stop":1691382707516,"duration":479}},{"uid":"23c453dadad118ae","reportUrl":"https://ParthibanRajasekaran.github.io/restassured-testng-allure/216//#testresult/23c453dadad118ae","status":"failed","statusDetails":"Invalid status code: 200 expected [201] but found [200]","time":{"start":1691296305034,"stop":1691296305363,"duration":329}},{"uid":"2a61777acd564c62","reportUrl":"https://ParthibanRajasekaran.github.io/restassured-testng-allure/215//#testresult/2a61777acd564c62","status":"failed","statusDetails":"Invalid status code: 200 expected [201] but found [200]","time":{"start":1691209929846,"stop":1691209930334,"duration":488}},{"uid":"d42a224804a0a718","reportUrl":"https://ParthibanRajasekaran.github.io/restassured-testng-allure/214//#testresult/d42a224804a0a718","status":"failed","statusDetails":"Invalid status code: 200 expected [201] but found [200]","time":{"start":1691123495842,"stop":1691123496196,"duration":354}},{"uid":"d914d792f320de95","reportUrl":"https://ParthibanRajasekaran.github.io/restassured-testng-allure/213//#testresult/d914d792f320de95","status":"failed","statusDetails":"Invalid status code: 200 expected [201] but found [200]","time":{"start":1691037100614,"stop":1691037100943,"duration":329}},{"uid":"1a3e0d7ddf965c9f","reportUrl":"https://ParthibanRajasekaran.github.io/restassured-testng-allure/212//#testresult/1a3e0d7ddf965c9f","status":"failed","statusDetails":"Invalid status code: 200 expected [201] but found [200]","time":{"start":1690950705593,"stop":1690950705996,"duration":403}},{"uid":"a08017708bbeddd8","reportUrl":"https://ParthibanRajasekaran.github.io/restassured-testng-allure/211//#testresult/a08017708bbeddd8","status":"failed","statusDetails":"Invalid status code: 200 expected [201] but found [200]","time":{"start":1690864319717,"stop":1690864320089,"duration":372}},{"uid":"8bf26181a991a731","reportUrl":"https://ParthibanRajasekaran.github.io/restassured-testng-allure/210//#testresult/8bf26181a991a731","status":"failed","statusDetails":"Invalid status code: 200 expected [201] but found [200]","time":{"start":1690777903919,"stop":1690777904275,"duration":356}},{"uid":"472c9282b197ef77","reportUrl":"https://ParthibanRajasekaran.github.io/restassured-testng-allure/209//#testresult/472c9282b197ef77","status":"failed","statusDetails":"Invalid status code: 200 expected [201] but found [200]","time":{"start":1690691512920,"stop":1690691513267,"duration":347}},{"uid":"69a55f0c16f0e5d2","reportUrl":"https://ParthibanRajasekaran.github.io/restassured-testng-allure/208//#testresult/69a55f0c16f0e5d2","status":"failed","statusDetails":"Invalid status code: 200 expected [201] but found [200]","time":{"start":1690605106164,"stop":1690605106594,"duration":430}},{"uid":"bb93c0bdcff611dc","reportUrl":"https://ParthibanRajasekaran.github.io/restassured-testng-allure/207//#testresult/bb93c0bdcff611dc","status":"failed","statusDetails":"Invalid status code: 200 expected [201] but found [200]","time":{"start":1690537696490,"stop":1690537696859,"duration":369}},{"uid":"ff87c535a76b3ebf","reportUrl":"https://ParthibanRajasekaran.github.io/restassured-testng-allure/207//#testresult/ff87c535a76b3ebf","status":"failed","statusDetails":"Invalid status code: 200 expected [201] but found [200]","time":{"start":1690535954834,"stop":1690535955324,"duration":490}}]},"tags":[]},"source":"5dd2a7f15fee70f5.json","parameterValues":[]}