{"uid":"d133081c3418c626","name":"testCustomerCreation","fullName":"com.template.project.api.tests.featureflow.SampleTest.testCustomerCreation","historyId":"bbafe3222041f97369137b9206133a69","time":{"start":1694665922358,"stop":1694665928586,"duration":6228},"description":"Verify Customer creation","descriptionHtml":"<p>Verify Customer creation</p>\n","status":"failed","statusMessage":"1 expectation failed.\nExpected content-type \"JSON\" doesn't match actual content-type \"text/html;charset=UTF-8\".\n","statusTrace":"java.lang.AssertionError: 1 expectation failed.\nExpected content-type \"JSON\" doesn't match actual content-type \"text/html;charset=UTF-8\".\n\n\tat java.base/jdk.internal.reflect.NativeConstructorAccessorImpl.newInstance0(Native Method)\n\tat java.base/jdk.internal.reflect.NativeConstructorAccessorImpl.newInstance(NativeConstructorAccessorImpl.java:77)\n\tat java.base/jdk.internal.reflect.DelegatingConstructorAccessorImpl.newInstance(DelegatingConstructorAccessorImpl.java:45)\n\tat java.base/java.lang.reflect.Constructor.newInstanceWithCaller(Constructor.java:499)\n\tat java.base/java.lang.reflect.Constructor.newInstance(Constructor.java:480)\n\tat org.codehaus.groovy.reflection.CachedConstructor.invoke(CachedConstructor.java:73)\n\tat org.codehaus.groovy.runtime.callsite.ConstructorSite$ConstructorSiteNoUnwrapNoCoerce.callConstructor(ConstructorSite.java:108)\n\tat org.codehaus.groovy.runtime.callsite.CallSiteArray.defaultCallConstructor(CallSiteArray.java:57)\n\tat org.codehaus.groovy.runtime.callsite.AbstractCallSite.callConstructor(AbstractCallSite.java:263)\n\tat org.codehaus.groovy.runtime.callsite.AbstractCallSite.callConstructor(AbstractCallSite.java:277)\n\tat io.restassured.internal.ResponseSpecificationImpl$HamcrestAssertionClosure.validate(ResponseSpecificationImpl.groovy:512)\n\tat io.restassured.internal.ResponseSpecificationImpl$HamcrestAssertionClosure$validate$1.call(Unknown Source)\n\tat org.codehaus.groovy.runtime.callsite.CallSiteArray.defaultCall(CallSiteArray.java:45)\n\tat org.codehaus.groovy.runtime.callsite.AbstractCallSite.call(AbstractCallSite.java:125)\n\tat org.codehaus.groovy.runtime.callsite.AbstractCallSite.call(AbstractCallSite.java:139)\n\tat io.restassured.internal.ResponseSpecificationImpl.validateResponseIfRequired(ResponseSpecificationImpl.groovy:696)\n\tat io.restassured.internal.ResponseSpecificationImpl.this$2$validateResponseIfRequired(ResponseSpecificationImpl.groovy)\n\tat java.base/jdk.internal.reflect.NativeMethodAccessorImpl.invoke0(Native Method)\n\tat java.base/jdk.internal.reflect.NativeMethodAccessorImpl.invoke(NativeMethodAccessorImpl.java:77)\n\tat java.base/jdk.internal.reflect.DelegatingMethodAccessorImpl.invoke(DelegatingMethodAccessorImpl.java:43)\n\tat java.base/java.lang.reflect.Method.invoke(Method.java:568)\n\tat org.codehaus.groovy.runtime.callsite.PlainObjectMetaMethodSite.doInvoke(PlainObjectMetaMethodSite.java:43)\n\tat org.codehaus.groovy.runtime.callsite.PogoMetaMethodSite$PogoCachedMethodSiteNoUnwrapNoCoerce.invoke(PogoMetaMethodSite.java:198)\n\tat org.codehaus.groovy.runtime.callsite.PogoMetaMethodSite.callCurrent(PogoMetaMethodSite.java:62)\n\tat org.codehaus.groovy.runtime.callsite.AbstractCallSite.callCurrent(AbstractCallSite.java:185)\n\tat io.restassured.internal.ResponseSpecificationImpl.contentType(ResponseSpecificationImpl.groovy:435)\n\tat io.restassured.internal.ValidatableResponseOptionsImpl.contentType(ValidatableResponseOptionsImpl.java:220)\n\tat com.template.project.api.request.SampleRequests.createCustomer(SampleRequests.java:43)\n\tat com.template.project.api.tests.featureflow.SampleTest.testCustomerCreation(SampleTest.java:21)\n\tat java.base/jdk.internal.reflect.NativeMethodAccessorImpl.invoke0(Native Method)\n\tat java.base/jdk.internal.reflect.NativeMethodAccessorImpl.invoke(NativeMethodAccessorImpl.java:77)\n\tat java.base/jdk.internal.reflect.DelegatingMethodAccessorImpl.invoke(DelegatingMethodAccessorImpl.java:43)\n\tat java.base/java.lang.reflect.Method.invoke(Method.java:568)\n\tat org.testng.internal.invokers.MethodInvocationHelper.invokeMethod(MethodInvocationHelper.java:139)\n\tat org.testng.internal.invokers.TestInvoker.invokeMethod(TestInvoker.java:677)\n\tat org.testng.internal.invokers.TestInvoker.invokeTestMethod(TestInvoker.java:221)\n\tat org.testng.internal.invokers.MethodRunner.runInSequence(MethodRunner.java:50)\n\tat org.testng.internal.invokers.TestInvoker$MethodInvocationAgent.invoke(TestInvoker.java:969)\n\tat org.testng.internal.invokers.TestInvoker.invokeTestMethods(TestInvoker.java:194)\n\tat org.testng.internal.invokers.TestMethodWorker.invokeTestMethods(TestMethodWorker.java:148)\n\tat org.testng.internal.invokers.TestMethodWorker.run(TestMethodWorker.java:128)\n\tat java.base/java.util.concurrent.ThreadPoolExecutor.runWorker(ThreadPoolExecutor.java:1136)\n\tat java.base/java.util.concurrent.ThreadPoolExecutor$Worker.run(ThreadPoolExecutor.java:635)\n\tat java.base/java.lang.Thread.run(Thread.java:833)\n","flaky":false,"newFailed":false,"newBroken":false,"newPassed":false,"retriesCount":0,"retriesStatusChange":false,"beforeStages":[],"testStage":{"description":"Verify Customer creation","status":"failed","statusMessage":"1 expectation failed.\nExpected content-type \"JSON\" doesn't match actual content-type \"text/html;charset=UTF-8\".\n","statusTrace":"java.lang.AssertionError: 1 expectation failed.\nExpected content-type \"JSON\" doesn't match actual content-type \"text/html;charset=UTF-8\".\n\n\tat java.base/jdk.internal.reflect.NativeConstructorAccessorImpl.newInstance0(Native Method)\n\tat java.base/jdk.internal.reflect.NativeConstructorAccessorImpl.newInstance(NativeConstructorAccessorImpl.java:77)\n\tat java.base/jdk.internal.reflect.DelegatingConstructorAccessorImpl.newInstance(DelegatingConstructorAccessorImpl.java:45)\n\tat java.base/java.lang.reflect.Constructor.newInstanceWithCaller(Constructor.java:499)\n\tat java.base/java.lang.reflect.Constructor.newInstance(Constructor.java:480)\n\tat org.codehaus.groovy.reflection.CachedConstructor.invoke(CachedConstructor.java:73)\n\tat org.codehaus.groovy.runtime.callsite.ConstructorSite$ConstructorSiteNoUnwrapNoCoerce.callConstructor(ConstructorSite.java:108)\n\tat org.codehaus.groovy.runtime.callsite.CallSiteArray.defaultCallConstructor(CallSiteArray.java:57)\n\tat org.codehaus.groovy.runtime.callsite.AbstractCallSite.callConstructor(AbstractCallSite.java:263)\n\tat org.codehaus.groovy.runtime.callsite.AbstractCallSite.callConstructor(AbstractCallSite.java:277)\n\tat io.restassured.internal.ResponseSpecificationImpl$HamcrestAssertionClosure.validate(ResponseSpecificationImpl.groovy:512)\n\tat io.restassured.internal.ResponseSpecificationImpl$HamcrestAssertionClosure$validate$1.call(Unknown Source)\n\tat org.codehaus.groovy.runtime.callsite.CallSiteArray.defaultCall(CallSiteArray.java:45)\n\tat org.codehaus.groovy.runtime.callsite.AbstractCallSite.call(AbstractCallSite.java:125)\n\tat org.codehaus.groovy.runtime.callsite.AbstractCallSite.call(AbstractCallSite.java:139)\n\tat io.restassured.internal.ResponseSpecificationImpl.validateResponseIfRequired(ResponseSpecificationImpl.groovy:696)\n\tat io.restassured.internal.ResponseSpecificationImpl.this$2$validateResponseIfRequired(ResponseSpecificationImpl.groovy)\n\tat java.base/jdk.internal.reflect.NativeMethodAccessorImpl.invoke0(Native Method)\n\tat java.base/jdk.internal.reflect.NativeMethodAccessorImpl.invoke(NativeMethodAccessorImpl.java:77)\n\tat java.base/jdk.internal.reflect.DelegatingMethodAccessorImpl.invoke(DelegatingMethodAccessorImpl.java:43)\n\tat java.base/java.lang.reflect.Method.invoke(Method.java:568)\n\tat org.codehaus.groovy.runtime.callsite.PlainObjectMetaMethodSite.doInvoke(PlainObjectMetaMethodSite.java:43)\n\tat org.codehaus.groovy.runtime.callsite.PogoMetaMethodSite$PogoCachedMethodSiteNoUnwrapNoCoerce.invoke(PogoMetaMethodSite.java:198)\n\tat org.codehaus.groovy.runtime.callsite.PogoMetaMethodSite.callCurrent(PogoMetaMethodSite.java:62)\n\tat org.codehaus.groovy.runtime.callsite.AbstractCallSite.callCurrent(AbstractCallSite.java:185)\n\tat io.restassured.internal.ResponseSpecificationImpl.contentType(ResponseSpecificationImpl.groovy:435)\n\tat io.restassured.internal.ValidatableResponseOptionsImpl.contentType(ValidatableResponseOptionsImpl.java:220)\n\tat com.template.project.api.request.SampleRequests.createCustomer(SampleRequests.java:43)\n\tat com.template.project.api.tests.featureflow.SampleTest.testCustomerCreation(SampleTest.java:21)\n\tat java.base/jdk.internal.reflect.NativeMethodAccessorImpl.invoke0(Native Method)\n\tat java.base/jdk.internal.reflect.NativeMethodAccessorImpl.invoke(NativeMethodAccessorImpl.java:77)\n\tat java.base/jdk.internal.reflect.DelegatingMethodAccessorImpl.invoke(DelegatingMethodAccessorImpl.java:43)\n\tat java.base/java.lang.reflect.Method.invoke(Method.java:568)\n\tat org.testng.internal.invokers.MethodInvocationHelper.invokeMethod(MethodInvocationHelper.java:139)\n\tat org.testng.internal.invokers.TestInvoker.invokeMethod(TestInvoker.java:677)\n\tat org.testng.internal.invokers.TestInvoker.invokeTestMethod(TestInvoker.java:221)\n\tat org.testng.internal.invokers.MethodRunner.runInSequence(MethodRunner.java:50)\n\tat org.testng.internal.invokers.TestInvoker$MethodInvocationAgent.invoke(TestInvoker.java:969)\n\tat org.testng.internal.invokers.TestInvoker.invokeTestMethods(TestInvoker.java:194)\n\tat org.testng.internal.invokers.TestMethodWorker.invokeTestMethods(TestMethodWorker.java:148)\n\tat org.testng.internal.invokers.TestMethodWorker.run(TestMethodWorker.java:128)\n\tat java.base/java.util.concurrent.ThreadPoolExecutor.runWorker(ThreadPoolExecutor.java:1136)\n\tat java.base/java.util.concurrent.ThreadPoolExecutor$Worker.run(ThreadPoolExecutor.java:635)\n\tat java.base/java.lang.Thread.run(Thread.java:833)\n","steps":[{"name":"Create Customer using POST request","time":{"start":1694665922667,"stop":1694665928583,"duration":5916},"status":"failed","statusMessage":"1 expectation failed.\nExpected content-type \"JSON\" doesn't match actual content-type \"text/html;charset=UTF-8\".\n","statusTrace":"java.lang.AssertionError: 1 expectation failed.\nExpected content-type \"JSON\" doesn't match actual content-type \"text/html;charset=UTF-8\".\n\n\tat java.base/jdk.internal.reflect.NativeConstructorAccessorImpl.newInstance0(Native Method)\n\tat java.base/jdk.internal.reflect.NativeConstructorAccessorImpl.newInstance(NativeConstructorAccessorImpl.java:77)\n\tat java.base/jdk.internal.reflect.DelegatingConstructorAccessorImpl.newInstance(DelegatingConstructorAccessorImpl.java:45)\n\tat java.base/java.lang.reflect.Constructor.newInstanceWithCaller(Constructor.java:499)\n\tat java.base/java.lang.reflect.Constructor.newInstance(Constructor.java:480)\n\tat org.codehaus.groovy.reflection.CachedConstructor.invoke(CachedConstructor.java:73)\n\tat org.codehaus.groovy.runtime.callsite.ConstructorSite$ConstructorSiteNoUnwrapNoCoerce.callConstructor(ConstructorSite.java:108)\n\tat org.codehaus.groovy.runtime.callsite.CallSiteArray.defaultCallConstructor(CallSiteArray.java:57)\n\tat org.codehaus.groovy.runtime.callsite.AbstractCallSite.callConstructor(AbstractCallSite.java:263)\n\tat org.codehaus.groovy.runtime.callsite.AbstractCallSite.callConstructor(AbstractCallSite.java:277)\n\tat io.restassured.internal.ResponseSpecificationImpl$HamcrestAssertionClosure.validate(ResponseSpecificationImpl.groovy:512)\n\tat io.restassured.internal.ResponseSpecificationImpl$HamcrestAssertionClosure$validate$1.call(Unknown Source)\n\tat org.codehaus.groovy.runtime.callsite.CallSiteArray.defaultCall(CallSiteArray.java:45)\n\tat org.codehaus.groovy.runtime.callsite.AbstractCallSite.call(AbstractCallSite.java:125)\n\tat org.codehaus.groovy.runtime.callsite.AbstractCallSite.call(AbstractCallSite.java:139)\n\tat io.restassured.internal.ResponseSpecificationImpl.validateResponseIfRequired(ResponseSpecificationImpl.groovy:696)\n\tat io.restassured.internal.ResponseSpecificationImpl.this$2$validateResponseIfRequired(ResponseSpecificationImpl.groovy)\n\tat java.base/jdk.internal.reflect.NativeMethodAccessorImpl.invoke0(Native Method)\n\tat java.base/jdk.internal.reflect.NativeMethodAccessorImpl.invoke(NativeMethodAccessorImpl.java:77)\n\tat java.base/jdk.internal.reflect.DelegatingMethodAccessorImpl.invoke(DelegatingMethodAccessorImpl.java:43)\n\tat java.base/java.lang.reflect.Method.invoke(Method.java:568)\n\tat org.codehaus.groovy.runtime.callsite.PlainObjectMetaMethodSite.doInvoke(PlainObjectMetaMethodSite.java:43)\n\tat org.codehaus.groovy.runtime.callsite.PogoMetaMethodSite$PogoCachedMethodSiteNoUnwrapNoCoerce.invoke(PogoMetaMethodSite.java:198)\n\tat org.codehaus.groovy.runtime.callsite.PogoMetaMethodSite.callCurrent(PogoMetaMethodSite.java:62)\n\tat org.codehaus.groovy.runtime.callsite.AbstractCallSite.callCurrent(AbstractCallSite.java:185)\n\tat io.restassured.internal.ResponseSpecificationImpl.contentType(ResponseSpecificationImpl.groovy:435)\n\tat io.restassured.internal.ValidatableResponseOptionsImpl.contentType(ValidatableResponseOptionsImpl.java:220)\n\tat com.template.project.api.request.SampleRequests.createCustomer(SampleRequests.java:43)\n\tat com.template.project.api.tests.featureflow.SampleTest.testCustomerCreation(SampleTest.java:21)\n\tat java.base/jdk.internal.reflect.NativeMethodAccessorImpl.invoke0(Native Method)\n\tat java.base/jdk.internal.reflect.NativeMethodAccessorImpl.invoke(NativeMethodAccessorImpl.java:77)\n\tat java.base/jdk.internal.reflect.DelegatingMethodAccessorImpl.invoke(DelegatingMethodAccessorImpl.java:43)\n\tat java.base/java.lang.reflect.Method.invoke(Method.java:568)\n\tat org.testng.internal.invokers.MethodInvocationHelper.invokeMethod(MethodInvocationHelper.java:139)\n\tat org.testng.internal.invokers.TestInvoker.invokeMethod(TestInvoker.java:677)\n\tat org.testng.internal.invokers.TestInvoker.invokeTestMethod(TestInvoker.java:221)\n\tat org.testng.internal.invokers.MethodRunner.runInSequence(MethodRunner.java:50)\n\tat org.testng.internal.invokers.TestInvoker$MethodInvocationAgent.invoke(TestInvoker.java:969)\n\tat org.testng.internal.invokers.TestInvoker.invokeTestMethods(TestInvoker.java:194)\n\tat org.testng.internal.invokers.TestMethodWorker.invokeTestMethods(TestMethodWorker.java:148)\n\tat org.testng.internal.invokers.TestMethodWorker.run(TestMethodWorker.java:128)\n\tat java.base/java.util.concurrent.ThreadPoolExecutor.runWorker(ThreadPoolExecutor.java:1136)\n\tat java.base/java.util.concurrent.ThreadPoolExecutor$Worker.run(ThreadPoolExecutor.java:635)\n\tat java.base/java.lang.Thread.run(Thread.java:833)\n","steps":[{"name":"Get value from Environment config file","time":{"start":1694665924129,"stop":1694665924264,"duration":135},"status":"passed","steps":[{"name":"INFO: Tests are run on defaultconfig","time":{"start":1694665924151,"stop":1694665924200,"duration":49},"status":"passed","steps":[],"attachments":[],"parameters":[{"name":"message","value":"Tests are run on defaultconfig"}],"shouldDisplayMessage":false,"stepsCount":0,"attachmentsCount":0,"hasContent":true},{"name":"INFO: https://api.predic8.de:443 is read from environment file","time":{"start":1694665924264,"stop":1694665924264,"duration":0},"status":"passed","steps":[],"attachments":[],"parameters":[{"name":"message","value":"https://api.predic8.de:443 is read from environment file"}],"shouldDisplayMessage":false,"stepsCount":0,"attachmentsCount":0,"hasContent":true}],"attachments":[],"parameters":[{"name":"propName","value":"host_api"}],"shouldDisplayMessage":false,"stepsCount":2,"attachmentsCount":0,"hasContent":true},{"name":"INFO: Base URI : https://api.predic8.de:443","time":{"start":1694665924678,"stop":1694665924678,"duration":0},"status":"passed","steps":[],"attachments":[],"parameters":[{"name":"message","value":"Base URI : https://api.predic8.de:443"}],"shouldDisplayMessage":false,"stepsCount":0,"attachmentsCount":0,"hasContent":true},{"name":"INFO: Path : /shop/customers/","time":{"start":1694665924679,"stop":1694665924679,"duration":0},"status":"passed","steps":[],"attachments":[],"parameters":[{"name":"message","value":"Path : /shop/customers/"}],"shouldDisplayMessage":false,"stepsCount":0,"attachmentsCount":0,"hasContent":true}],"attachments":[{"uid":"ab2182e698e40466","name":"request body :","source":"ab2182e698e40466.txt","type":"text/plain","size":74},{"uid":"f5e140d469dd12dd","name":"Request","source":"f5e140d469dd12dd.html","type":"text/html","size":662},{"uid":"9487f0406fec7599","name":"HTTP/1.1 301 Moved Permanently","source":"9487f0406fec7599.html","type":"text/html","size":700}],"parameters":[{"name":"firstname","value":"customerFirstName"},{"name":"lastname","value":"customerLastName"}],"shouldDisplayMessage":true,"stepsCount":5,"attachmentsCount":3,"hasContent":true}],"attachments":[],"parameters":[],"shouldDisplayMessage":false,"stepsCount":6,"attachmentsCount":3,"hasContent":true},"afterStages":[],"labels":[{"name":"package","value":"com.template.project.api.tests.featureflow.SampleTest"},{"name":"testClass","value":"com.template.project.api.tests.featureflow.SampleTest"},{"name":"testMethod","value":"testCustomerCreation"},{"name":"parentSuite","value":"API integration suite"},{"name":"suite","value":"SHOP - Customer Flow"},{"name":"subSuite","value":"com.template.project.api.tests.featureflow.SampleTest"},{"name":"host","value":"fv-az713-10"},{"name":"thread","value":"2213@fv-az713-10.TestNG-test=SHOP - Customer Flow-1(16)"},{"name":"framework","value":"testng"},{"name":"language","value":"java"},{"name":"feature","value":"Shop"},{"name":"resultFormat","value":"allure2"}],"parameters":[],"links":[],"hidden":false,"retry":false,"extra":{"severity":"normal","retries":[],"categories":[{"name":"Product defects","matchedStatuses":[],"flaky":false}],"history":{"statistic":{"failed":50,"broken":0,"skipped":0,"passed":136,"unknown":0,"total":186},"items":[{"uid":"fb3c5196331300fb","reportUrl":"https://ParthibanRajasekaran.github.io/restassured-testng-allure/254//#testresult/fb3c5196331300fb","status":"failed","statusDetails":"1 expectation failed.\nExpected content-type \"JSON\" doesn't match actual content-type \"text/html;charset=UTF-8\".\n","time":{"start":1694579492286,"stop":1694579498899,"duration":6613}},{"uid":"eb1b4757bb3e1271","reportUrl":"https://ParthibanRajasekaran.github.io/restassured-testng-allure/253//#testresult/eb1b4757bb3e1271","status":"failed","statusDetails":"1 expectation failed.\nExpected content-type \"JSON\" doesn't match actual content-type \"text/html;charset=UTF-8\".\n","time":{"start":1694493110886,"stop":1694493118377,"duration":7491}},{"uid":"57ded8df49bcac53","reportUrl":"https://ParthibanRajasekaran.github.io/restassured-testng-allure/252//#testresult/57ded8df49bcac53","status":"failed","statusDetails":"1 expectation failed.\nExpected content-type \"JSON\" doesn't match actual content-type \"text/html;charset=UTF-8\".\n","time":{"start":1694406709574,"stop":1694406716173,"duration":6599}},{"uid":"b523a2de08c45227","reportUrl":"https://ParthibanRajasekaran.github.io/restassured-testng-allure/251//#testresult/b523a2de08c45227","status":"failed","statusDetails":"1 expectation failed.\nExpected content-type \"JSON\" doesn't match actual content-type \"text/html;charset=UTF-8\".\n","time":{"start":1694320280295,"stop":1694320285297,"duration":5002}},{"uid":"a1efb0e73a7635ce","reportUrl":"https://ParthibanRajasekaran.github.io/restassured-testng-allure/250//#testresult/a1efb0e73a7635ce","status":"failed","statusDetails":"1 expectation failed.\nExpected content-type \"JSON\" doesn't match actual content-type \"text/html;charset=UTF-8\".\n","time":{"start":1694233890041,"stop":1694233894534,"duration":4493}},{"uid":"3336b417e76b79","reportUrl":"https://ParthibanRajasekaran.github.io/restassured-testng-allure/249//#testresult/3336b417e76b79","status":"failed","statusDetails":"1 expectation failed.\nExpected content-type \"JSON\" doesn't match actual content-type \"text/html;charset=UTF-8\".\n","time":{"start":1694147500633,"stop":1694147507463,"duration":6830}},{"uid":"5ce12dd619aaef44","reportUrl":"https://ParthibanRajasekaran.github.io/restassured-testng-allure/248//#testresult/5ce12dd619aaef44","status":"failed","statusDetails":"1 expectation failed.\nExpected content-type \"JSON\" doesn't match actual content-type \"text/html;charset=UTF-8\".\n","time":{"start":1694061134150,"stop":1694061139993,"duration":5843}},{"uid":"41f005bcd03d8d64","reportUrl":"https://ParthibanRajasekaran.github.io/restassured-testng-allure/247//#testresult/41f005bcd03d8d64","status":"failed","statusDetails":"1 expectation failed.\nExpected content-type \"JSON\" doesn't match actual content-type \"text/html;charset=UTF-8\".\n","time":{"start":1693974701857,"stop":1693974706657,"duration":4800}},{"uid":"4284bd932777bb70","reportUrl":"https://ParthibanRajasekaran.github.io/restassured-testng-allure/245//#testresult/4284bd932777bb70","status":"failed","statusDetails":"1 expectation failed.\nExpected content-type \"JSON\" doesn't match actual content-type \"text/html;charset=UTF-8\".\n","time":{"start":1693801888630,"stop":1693801893818,"duration":5188}},{"uid":"401a386856d6db6","reportUrl":"https://ParthibanRajasekaran.github.io/restassured-testng-allure/244//#testresult/401a386856d6db6","status":"failed","statusDetails":"1 expectation failed.\nExpected content-type \"JSON\" doesn't match actual content-type \"text/html;charset=UTF-8\".\n","time":{"start":1693715465320,"stop":1693715470310,"duration":4990}},{"uid":"dcaa913c8d898672","reportUrl":"https://ParthibanRajasekaran.github.io/restassured-testng-allure/243//#testresult/dcaa913c8d898672","status":"failed","statusDetails":"1 expectation failed.\nExpected content-type \"JSON\" doesn't match actual content-type \"text/html;charset=UTF-8\".\n","time":{"start":1693629103681,"stop":1693629110190,"duration":6509}},{"uid":"f6cdc9d6240db1fa","reportUrl":"https://ParthibanRajasekaran.github.io/restassured-testng-allure/242//#testresult/f6cdc9d6240db1fa","status":"failed","statusDetails":"1 expectation failed.\nExpected content-type \"JSON\" doesn't match actual content-type \"text/html;charset=UTF-8\".\n","time":{"start":1693542694130,"stop":1693542700539,"duration":6409}},{"uid":"fe6a021efda4de2a","reportUrl":"https://ParthibanRajasekaran.github.io/restassured-testng-allure/241//#testresult/fe6a021efda4de2a","status":"failed","statusDetails":"1 expectation failed.\nExpected content-type \"JSON\" doesn't match actual content-type \"text/html;charset=UTF-8\".\n","time":{"start":1693456297326,"stop":1693456302317,"duration":4991}},{"uid":"213ed430ef6a97b6","reportUrl":"https://ParthibanRajasekaran.github.io/restassured-testng-allure/240//#testresult/213ed430ef6a97b6","status":"failed","statusDetails":"1 expectation failed.\nExpected content-type \"JSON\" doesn't match actual content-type \"text/html;charset=UTF-8\".\n","time":{"start":1693369889389,"stop":1693369894447,"duration":5058}},{"uid":"daaba00d058bdf89","reportUrl":"https://ParthibanRajasekaran.github.io/restassured-testng-allure/239//#testresult/daaba00d058bdf89","status":"failed","statusDetails":"1 expectation failed.\nExpected content-type \"JSON\" doesn't match actual content-type \"text/html;charset=UTF-8\".\n","time":{"start":1693283530920,"stop":1693283536332,"duration":5412}},{"uid":"9b2efbbc7743eef","reportUrl":"https://ParthibanRajasekaran.github.io/restassured-testng-allure/238//#testresult/9b2efbbc7743eef","status":"failed","statusDetails":"1 expectation failed.\nExpected content-type \"JSON\" doesn't match actual content-type \"text/html;charset=UTF-8\".\n","time":{"start":1693197117773,"stop":1693197125043,"duration":7270}},{"uid":"9b912590c37be3","reportUrl":"https://ParthibanRajasekaran.github.io/restassured-testng-allure/237//#testresult/9b912590c37be3","status":"failed","statusDetails":"1 expectation failed.\nExpected content-type \"JSON\" doesn't match actual content-type \"text/html;charset=UTF-8\".\n","time":{"start":1693110713224,"stop":1693110719148,"duration":5924}},{"uid":"ad986869885bea91","reportUrl":"https://ParthibanRajasekaran.github.io/restassured-testng-allure/236//#testresult/ad986869885bea91","status":"failed","statusDetails":"1 expectation failed.\nExpected content-type \"JSON\" doesn't match actual content-type \"text/html;charset=UTF-8\".\n","time":{"start":1693024292559,"stop":1693024298130,"duration":5571}},{"uid":"970333c6db4e95d2","reportUrl":"https://ParthibanRajasekaran.github.io/restassured-testng-allure/235//#testresult/970333c6db4e95d2","status":"failed","statusDetails":"1 expectation failed.\nExpected content-type \"JSON\" doesn't match actual content-type \"text/html;charset=UTF-8\".\n","time":{"start":1692937939446,"stop":1692937944376,"duration":4930}},{"uid":"4f39a97a65985b0d","reportUrl":"https://ParthibanRajasekaran.github.io/restassured-testng-allure/234//#testresult/4f39a97a65985b0d","status":"failed","statusDetails":"1 expectation failed.\nExpected content-type \"JSON\" doesn't match actual content-type \"text/html;charset=UTF-8\".\n","time":{"start":1692851495457,"stop":1692851501461,"duration":6004}}]},"tags":[]},"source":"d133081c3418c626.json","parameterValues":[]}