{"uid":"99fd23233d0b2a3f","name":"testUpdateCustomerDetails","fullName":"com.template.project.api.tests.featureflow.SampleTest.testUpdateCustomerDetails","historyId":"1c15ab48aa320303536b79bb9fc39369","time":{"start":1691814695474,"stop":1691814695805,"duration":331},"description":"Verify Customer creation and update Customer details","descriptionHtml":"<p>Verify Customer creation and update Customer details</p>\n","status":"failed","statusMessage":"1 expectation failed.\nExpected content-type \"JSON\" doesn't match actual content-type \"text/html;charset=UTF-8\".\n","statusTrace":"java.lang.AssertionError: 1 expectation failed.\nExpected content-type \"JSON\" doesn't match actual content-type \"text/html;charset=UTF-8\".\n\n\tat java.base/jdk.internal.reflect.NativeConstructorAccessorImpl.newInstance0(Native Method)\n\tat java.base/jdk.internal.reflect.NativeConstructorAccessorImpl.newInstance(NativeConstructorAccessorImpl.java:77)\n\tat java.base/jdk.internal.reflect.DelegatingConstructorAccessorImpl.newInstance(DelegatingConstructorAccessorImpl.java:45)\n\tat java.base/java.lang.reflect.Constructor.newInstanceWithCaller(Constructor.java:499)\n\tat java.base/java.lang.reflect.Constructor.newInstance(Constructor.java:480)\n\tat org.codehaus.groovy.reflection.CachedConstructor.invoke(CachedConstructor.java:73)\n\tat org.codehaus.groovy.runtime.callsite.ConstructorSite$ConstructorSiteNoUnwrapNoCoerce.callConstructor(ConstructorSite.java:108)\n\tat org.codehaus.groovy.runtime.callsite.AbstractCallSite.callConstructor(AbstractCallSite.java:277)\n\tat io.restassured.internal.ResponseSpecificationImpl$HamcrestAssertionClosure.validate(ResponseSpecificationImpl.groovy:512)\n\tat io.restassured.internal.ResponseSpecificationImpl$HamcrestAssertionClosure$validate$3.call(Unknown Source)\n\tat io.restassured.internal.ResponseSpecificationImpl.validateResponseIfRequired(ResponseSpecificationImpl.groovy:696)\n\tat io.restassured.internal.ResponseSpecificationImpl.this$2$validateResponseIfRequired(ResponseSpecificationImpl.groovy)\n\tat java.base/jdk.internal.reflect.NativeMethodAccessorImpl.invoke0(Native Method)\n\tat java.base/jdk.internal.reflect.NativeMethodAccessorImpl.invoke(NativeMethodAccessorImpl.java:77)\n\tat java.base/jdk.internal.reflect.DelegatingMethodAccessorImpl.invoke(DelegatingMethodAccessorImpl.java:43)\n\tat java.base/java.lang.reflect.Method.invoke(Method.java:568)\n\tat org.codehaus.groovy.runtime.callsite.PlainObjectMetaMethodSite.doInvoke(PlainObjectMetaMethodSite.java:43)\n\tat org.codehaus.groovy.runtime.callsite.PogoMetaMethodSite$PogoCachedMethodSiteNoUnwrapNoCoerce.invoke(PogoMetaMethodSite.java:198)\n\tat org.codehaus.groovy.runtime.callsite.PogoMetaMethodSite.callCurrent(PogoMetaMethodSite.java:62)\n\tat org.codehaus.groovy.runtime.callsite.AbstractCallSite.callCurrent(AbstractCallSite.java:185)\n\tat io.restassured.internal.ResponseSpecificationImpl.contentType(ResponseSpecificationImpl.groovy:435)\n\tat io.restassured.internal.ValidatableResponseOptionsImpl.contentType(ValidatableResponseOptionsImpl.java:220)\n\tat com.template.project.api.request.SampleRequests.createCustomer(SampleRequests.java:43)\n\tat com.template.project.api.tests.featureflow.SampleTest.testUpdateCustomerDetails(SampleTest.java:47)\n\tat java.base/jdk.internal.reflect.NativeMethodAccessorImpl.invoke0(Native Method)\n\tat java.base/jdk.internal.reflect.NativeMethodAccessorImpl.invoke(NativeMethodAccessorImpl.java:77)\n\tat java.base/jdk.internal.reflect.DelegatingMethodAccessorImpl.invoke(DelegatingMethodAccessorImpl.java:43)\n\tat java.base/java.lang.reflect.Method.invoke(Method.java:568)\n\tat org.testng.internal.invokers.MethodInvocationHelper.invokeMethod(MethodInvocationHelper.java:139)\n\tat org.testng.internal.invokers.TestInvoker.invokeMethod(TestInvoker.java:677)\n\tat org.testng.internal.invokers.TestInvoker.invokeTestMethod(TestInvoker.java:221)\n\tat org.testng.internal.invokers.MethodRunner.runInSequence(MethodRunner.java:50)\n\tat org.testng.internal.invokers.TestInvoker$MethodInvocationAgent.invoke(TestInvoker.java:969)\n\tat org.testng.internal.invokers.TestInvoker.invokeTestMethods(TestInvoker.java:194)\n\tat org.testng.internal.invokers.TestMethodWorker.invokeTestMethods(TestMethodWorker.java:148)\n\tat org.testng.internal.invokers.TestMethodWorker.run(TestMethodWorker.java:128)\n\tat java.base/java.util.concurrent.ThreadPoolExecutor.runWorker(ThreadPoolExecutor.java:1136)\n\tat java.base/java.util.concurrent.ThreadPoolExecutor$Worker.run(ThreadPoolExecutor.java:635)\n\tat java.base/java.lang.Thread.run(Thread.java:833)\n","flaky":false,"newFailed":false,"newBroken":false,"newPassed":false,"retriesCount":0,"retriesStatusChange":false,"beforeStages":[],"testStage":{"description":"Verify Customer creation and update Customer details","status":"failed","statusMessage":"1 expectation failed.\nExpected content-type \"JSON\" doesn't match actual content-type \"text/html;charset=UTF-8\".\n","statusTrace":"java.lang.AssertionError: 1 expectation failed.\nExpected content-type \"JSON\" doesn't match actual content-type \"text/html;charset=UTF-8\".\n\n\tat java.base/jdk.internal.reflect.NativeConstructorAccessorImpl.newInstance0(Native Method)\n\tat java.base/jdk.internal.reflect.NativeConstructorAccessorImpl.newInstance(NativeConstructorAccessorImpl.java:77)\n\tat java.base/jdk.internal.reflect.DelegatingConstructorAccessorImpl.newInstance(DelegatingConstructorAccessorImpl.java:45)\n\tat java.base/java.lang.reflect.Constructor.newInstanceWithCaller(Constructor.java:499)\n\tat java.base/java.lang.reflect.Constructor.newInstance(Constructor.java:480)\n\tat org.codehaus.groovy.reflection.CachedConstructor.invoke(CachedConstructor.java:73)\n\tat org.codehaus.groovy.runtime.callsite.ConstructorSite$ConstructorSiteNoUnwrapNoCoerce.callConstructor(ConstructorSite.java:108)\n\tat org.codehaus.groovy.runtime.callsite.AbstractCallSite.callConstructor(AbstractCallSite.java:277)\n\tat io.restassured.internal.ResponseSpecificationImpl$HamcrestAssertionClosure.validate(ResponseSpecificationImpl.groovy:512)\n\tat io.restassured.internal.ResponseSpecificationImpl$HamcrestAssertionClosure$validate$3.call(Unknown Source)\n\tat io.restassured.internal.ResponseSpecificationImpl.validateResponseIfRequired(ResponseSpecificationImpl.groovy:696)\n\tat io.restassured.internal.ResponseSpecificationImpl.this$2$validateResponseIfRequired(ResponseSpecificationImpl.groovy)\n\tat java.base/jdk.internal.reflect.NativeMethodAccessorImpl.invoke0(Native Method)\n\tat java.base/jdk.internal.reflect.NativeMethodAccessorImpl.invoke(NativeMethodAccessorImpl.java:77)\n\tat java.base/jdk.internal.reflect.DelegatingMethodAccessorImpl.invoke(DelegatingMethodAccessorImpl.java:43)\n\tat java.base/java.lang.reflect.Method.invoke(Method.java:568)\n\tat org.codehaus.groovy.runtime.callsite.PlainObjectMetaMethodSite.doInvoke(PlainObjectMetaMethodSite.java:43)\n\tat org.codehaus.groovy.runtime.callsite.PogoMetaMethodSite$PogoCachedMethodSiteNoUnwrapNoCoerce.invoke(PogoMetaMethodSite.java:198)\n\tat org.codehaus.groovy.runtime.callsite.PogoMetaMethodSite.callCurrent(PogoMetaMethodSite.java:62)\n\tat org.codehaus.groovy.runtime.callsite.AbstractCallSite.callCurrent(AbstractCallSite.java:185)\n\tat io.restassured.internal.ResponseSpecificationImpl.contentType(ResponseSpecificationImpl.groovy:435)\n\tat io.restassured.internal.ValidatableResponseOptionsImpl.contentType(ValidatableResponseOptionsImpl.java:220)\n\tat com.template.project.api.request.SampleRequests.createCustomer(SampleRequests.java:43)\n\tat com.template.project.api.tests.featureflow.SampleTest.testUpdateCustomerDetails(SampleTest.java:47)\n\tat java.base/jdk.internal.reflect.NativeMethodAccessorImpl.invoke0(Native Method)\n\tat java.base/jdk.internal.reflect.NativeMethodAccessorImpl.invoke(NativeMethodAccessorImpl.java:77)\n\tat java.base/jdk.internal.reflect.DelegatingMethodAccessorImpl.invoke(DelegatingMethodAccessorImpl.java:43)\n\tat java.base/java.lang.reflect.Method.invoke(Method.java:568)\n\tat org.testng.internal.invokers.MethodInvocationHelper.invokeMethod(MethodInvocationHelper.java:139)\n\tat org.testng.internal.invokers.TestInvoker.invokeMethod(TestInvoker.java:677)\n\tat org.testng.internal.invokers.TestInvoker.invokeTestMethod(TestInvoker.java:221)\n\tat org.testng.internal.invokers.MethodRunner.runInSequence(MethodRunner.java:50)\n\tat org.testng.internal.invokers.TestInvoker$MethodInvocationAgent.invoke(TestInvoker.java:969)\n\tat org.testng.internal.invokers.TestInvoker.invokeTestMethods(TestInvoker.java:194)\n\tat org.testng.internal.invokers.TestMethodWorker.invokeTestMethods(TestMethodWorker.java:148)\n\tat org.testng.internal.invokers.TestMethodWorker.run(TestMethodWorker.java:128)\n\tat java.base/java.util.concurrent.ThreadPoolExecutor.runWorker(ThreadPoolExecutor.java:1136)\n\tat java.base/java.util.concurrent.ThreadPoolExecutor$Worker.run(ThreadPoolExecutor.java:635)\n\tat java.base/java.lang.Thread.run(Thread.java:833)\n","steps":[{"name":"Create Customer using POST request","time":{"start":1691814695474,"stop":1691814695805,"duration":331},"status":"failed","statusMessage":"1 expectation failed.\nExpected content-type \"JSON\" doesn't match actual content-type \"text/html;charset=UTF-8\".\n","statusTrace":"java.lang.AssertionError: 1 expectation failed.\nExpected content-type \"JSON\" doesn't match actual content-type \"text/html;charset=UTF-8\".\n\n\tat java.base/jdk.internal.reflect.NativeConstructorAccessorImpl.newInstance0(Native Method)\n\tat java.base/jdk.internal.reflect.NativeConstructorAccessorImpl.newInstance(NativeConstructorAccessorImpl.java:77)\n\tat java.base/jdk.internal.reflect.DelegatingConstructorAccessorImpl.newInstance(DelegatingConstructorAccessorImpl.java:45)\n\tat java.base/java.lang.reflect.Constructor.newInstanceWithCaller(Constructor.java:499)\n\tat java.base/java.lang.reflect.Constructor.newInstance(Constructor.java:480)\n\tat org.codehaus.groovy.reflection.CachedConstructor.invoke(CachedConstructor.java:73)\n\tat org.codehaus.groovy.runtime.callsite.ConstructorSite$ConstructorSiteNoUnwrapNoCoerce.callConstructor(ConstructorSite.java:108)\n\tat org.codehaus.groovy.runtime.callsite.AbstractCallSite.callConstructor(AbstractCallSite.java:277)\n\tat io.restassured.internal.ResponseSpecificationImpl$HamcrestAssertionClosure.validate(ResponseSpecificationImpl.groovy:512)\n\tat io.restassured.internal.ResponseSpecificationImpl$HamcrestAssertionClosure$validate$3.call(Unknown Source)\n\tat io.restassured.internal.ResponseSpecificationImpl.validateResponseIfRequired(ResponseSpecificationImpl.groovy:696)\n\tat io.restassured.internal.ResponseSpecificationImpl.this$2$validateResponseIfRequired(ResponseSpecificationImpl.groovy)\n\tat java.base/jdk.internal.reflect.NativeMethodAccessorImpl.invoke0(Native Method)\n\tat java.base/jdk.internal.reflect.NativeMethodAccessorImpl.invoke(NativeMethodAccessorImpl.java:77)\n\tat java.base/jdk.internal.reflect.DelegatingMethodAccessorImpl.invoke(DelegatingMethodAccessorImpl.java:43)\n\tat java.base/java.lang.reflect.Method.invoke(Method.java:568)\n\tat org.codehaus.groovy.runtime.callsite.PlainObjectMetaMethodSite.doInvoke(PlainObjectMetaMethodSite.java:43)\n\tat org.codehaus.groovy.runtime.callsite.PogoMetaMethodSite$PogoCachedMethodSiteNoUnwrapNoCoerce.invoke(PogoMetaMethodSite.java:198)\n\tat org.codehaus.groovy.runtime.callsite.PogoMetaMethodSite.callCurrent(PogoMetaMethodSite.java:62)\n\tat org.codehaus.groovy.runtime.callsite.AbstractCallSite.callCurrent(AbstractCallSite.java:185)\n\tat io.restassured.internal.ResponseSpecificationImpl.contentType(ResponseSpecificationImpl.groovy:435)\n\tat io.restassured.internal.ValidatableResponseOptionsImpl.contentType(ValidatableResponseOptionsImpl.java:220)\n\tat com.template.project.api.request.SampleRequests.createCustomer(SampleRequests.java:43)\n\tat com.template.project.api.tests.featureflow.SampleTest.testUpdateCustomerDetails(SampleTest.java:47)\n\tat java.base/jdk.internal.reflect.NativeMethodAccessorImpl.invoke0(Native Method)\n\tat java.base/jdk.internal.reflect.NativeMethodAccessorImpl.invoke(NativeMethodAccessorImpl.java:77)\n\tat java.base/jdk.internal.reflect.DelegatingMethodAccessorImpl.invoke(DelegatingMethodAccessorImpl.java:43)\n\tat java.base/java.lang.reflect.Method.invoke(Method.java:568)\n\tat org.testng.internal.invokers.MethodInvocationHelper.invokeMethod(MethodInvocationHelper.java:139)\n\tat org.testng.internal.invokers.TestInvoker.invokeMethod(TestInvoker.java:677)\n\tat org.testng.internal.invokers.TestInvoker.invokeTestMethod(TestInvoker.java:221)\n\tat org.testng.internal.invokers.MethodRunner.runInSequence(MethodRunner.java:50)\n\tat org.testng.internal.invokers.TestInvoker$MethodInvocationAgent.invoke(TestInvoker.java:969)\n\tat org.testng.internal.invokers.TestInvoker.invokeTestMethods(TestInvoker.java:194)\n\tat org.testng.internal.invokers.TestMethodWorker.invokeTestMethods(TestMethodWorker.java:148)\n\tat org.testng.internal.invokers.TestMethodWorker.run(TestMethodWorker.java:128)\n\tat java.base/java.util.concurrent.ThreadPoolExecutor.runWorker(ThreadPoolExecutor.java:1136)\n\tat java.base/java.util.concurrent.ThreadPoolExecutor$Worker.run(ThreadPoolExecutor.java:635)\n\tat java.base/java.lang.Thread.run(Thread.java:833)\n","steps":[{"name":"Get value from Environment config file","time":{"start":1691814695474,"stop":1691814695475,"duration":1},"status":"passed","steps":[{"name":"INFO: Tests are run on defaultconfig","time":{"start":1691814695475,"stop":1691814695475,"duration":0},"status":"passed","steps":[],"attachments":[],"parameters":[{"name":"message","value":"Tests are run on defaultconfig"}],"stepsCount":0,"attachmentsCount":0,"shouldDisplayMessage":false,"hasContent":true},{"name":"INFO: https://api.predic8.de:443 is read from environment file","time":{"start":1691814695475,"stop":1691814695475,"duration":0},"status":"passed","steps":[],"attachments":[],"parameters":[{"name":"message","value":"https://api.predic8.de:443 is read from environment file"}],"stepsCount":0,"attachmentsCount":0,"shouldDisplayMessage":false,"hasContent":true}],"attachments":[],"parameters":[{"name":"propName","value":"host_api"}],"stepsCount":2,"attachmentsCount":0,"shouldDisplayMessage":false,"hasContent":true},{"name":"INFO: Base URI : https://api.predic8.de:443","time":{"start":1691814695476,"stop":1691814695476,"duration":0},"status":"passed","steps":[],"attachments":[],"parameters":[{"name":"message","value":"Base URI : https://api.predic8.de:443"}],"stepsCount":0,"attachmentsCount":0,"shouldDisplayMessage":false,"hasContent":true},{"name":"INFO: Path : /shop/customers/","time":{"start":1691814695476,"stop":1691814695476,"duration":0},"status":"passed","steps":[],"attachments":[],"parameters":[{"name":"message","value":"Path : /shop/customers/"}],"stepsCount":0,"attachmentsCount":0,"shouldDisplayMessage":false,"hasContent":true}],"attachments":[{"uid":"9101a60fe6478fda","name":"request body :","source":"9101a60fe6478fda.txt","type":"text/plain","size":74},{"uid":"ebc9a2c6fd693ed7","name":"Request","source":"ebc9a2c6fd693ed7.html","type":"text/html","size":662},{"uid":"f5bf937b79e52f76","name":"HTTP/1.1 301 Moved Permanently","source":"f5bf937b79e52f76.html","type":"text/html","size":700}],"parameters":[{"name":"firstname","value":"customerFirstName"},{"name":"lastname","value":"customerLastName"}],"stepsCount":5,"attachmentsCount":3,"shouldDisplayMessage":true,"hasContent":true}],"attachments":[],"parameters":[],"stepsCount":6,"attachmentsCount":3,"shouldDisplayMessage":false,"hasContent":true},"afterStages":[],"labels":[{"name":"package","value":"com.template.project.api.tests.featureflow.SampleTest"},{"name":"testClass","value":"com.template.project.api.tests.featureflow.SampleTest"},{"name":"testMethod","value":"testUpdateCustomerDetails"},{"name":"parentSuite","value":"API integration suite"},{"name":"suite","value":"SHOP - Customer Flow"},{"name":"subSuite","value":"com.template.project.api.tests.featureflow.SampleTest"},{"name":"host","value":"fv-az590-48"},{"name":"thread","value":"2185@fv-az590-48.TestNG-test=SHOP - Customer Flow-1(16)"},{"name":"framework","value":"testng"},{"name":"language","value":"java"},{"name":"feature","value":"Shop"},{"name":"resultFormat","value":"allure2"}],"parameters":[],"links":[],"hidden":false,"retry":false,"extra":{"severity":"normal","retries":[],"categories":[{"name":"Product defects","matchedStatuses":[],"flaky":false}],"history":{"statistic":{"failed":18,"broken":1,"skipped":0,"passed":135,"unknown":0,"total":154},"items":[{"uid":"a3c1ef6bd401ee92","reportUrl":"https://ParthibanRajasekaran.github.io/restassured-testng-allure/221//#testresult/a3c1ef6bd401ee92","status":"failed","statusDetails":"Invalid status code: 200 expected [201] but found [200]","time":{"start":1691728314782,"stop":1691728315217,"duration":435}},{"uid":"6c923661a7e02278","reportUrl":"https://ParthibanRajasekaran.github.io/restassured-testng-allure/220//#testresult/6c923661a7e02278","status":"failed","statusDetails":"Invalid status code: 200 expected [201] but found [200]","time":{"start":1691641907072,"stop":1691641907409,"duration":337}},{"uid":"e7ea406c9ba4645f","reportUrl":"https://ParthibanRajasekaran.github.io/restassured-testng-allure/219//#testresult/e7ea406c9ba4645f","status":"failed","statusDetails":"Invalid status code: 200 expected [201] but found [200]","time":{"start":1691555481289,"stop":1691555481624,"duration":335}},{"uid":"e1cf3a20f1bd7d9c","reportUrl":"https://ParthibanRajasekaran.github.io/restassured-testng-allure/218//#testresult/e1cf3a20f1bd7d9c","status":"failed","statusDetails":"Invalid status code: 200 expected [201] but found [200]","time":{"start":1691469111144,"stop":1691469111606,"duration":462}},{"uid":"cb4c1ebd976b656c","reportUrl":"https://ParthibanRajasekaran.github.io/restassured-testng-allure/217//#testresult/cb4c1ebd976b656c","status":"failed","statusDetails":"Invalid status code: 200 expected [201] but found [200]","time":{"start":1691382707044,"stop":1691382707519,"duration":475}},{"uid":"e1c806a170097244","reportUrl":"https://ParthibanRajasekaran.github.io/restassured-testng-allure/216//#testresult/e1c806a170097244","status":"failed","statusDetails":"Invalid status code: 200 expected [201] but found [200]","time":{"start":1691296305029,"stop":1691296305359,"duration":330}},{"uid":"689294ed3e903a48","reportUrl":"https://ParthibanRajasekaran.github.io/restassured-testng-allure/215//#testresult/689294ed3e903a48","status":"failed","statusDetails":"Invalid status code: 200 expected [201] but found [200]","time":{"start":1691209929842,"stop":1691209930304,"duration":462}},{"uid":"5bb064ade4d29e7d","reportUrl":"https://ParthibanRajasekaran.github.io/restassured-testng-allure/214//#testresult/5bb064ade4d29e7d","status":"failed","statusDetails":"Invalid status code: 200 expected [201] but found [200]","time":{"start":1691123495844,"stop":1691123496194,"duration":350}},{"uid":"b6f6b1e907126e89","reportUrl":"https://ParthibanRajasekaran.github.io/restassured-testng-allure/213//#testresult/b6f6b1e907126e89","status":"failed","statusDetails":"Invalid status code: 200 expected [201] but found [200]","time":{"start":1691037100620,"stop":1691037100950,"duration":330}},{"uid":"186e71f1639fe8b5","reportUrl":"https://ParthibanRajasekaran.github.io/restassured-testng-allure/212//#testresult/186e71f1639fe8b5","status":"failed","statusDetails":"Invalid status code: 200 expected [201] but found [200]","time":{"start":1690950705599,"stop":1690950705983,"duration":384}},{"uid":"74ab1e34929ef2a3","reportUrl":"https://ParthibanRajasekaran.github.io/restassured-testng-allure/211//#testresult/74ab1e34929ef2a3","status":"failed","statusDetails":"Invalid status code: 200 expected [201] but found [200]","time":{"start":1690864319710,"stop":1690864320087,"duration":377}},{"uid":"7f8002c18382b43e","reportUrl":"https://ParthibanRajasekaran.github.io/restassured-testng-allure/210//#testresult/7f8002c18382b43e","status":"failed","statusDetails":"Invalid status code: 200 expected [201] but found [200]","time":{"start":1690777903931,"stop":1690777904293,"duration":362}},{"uid":"edf94f58bcaf92ea","reportUrl":"https://ParthibanRajasekaran.github.io/restassured-testng-allure/209//#testresult/edf94f58bcaf92ea","status":"failed","statusDetails":"Invalid status code: 200 expected [201] but found [200]","time":{"start":1690691512927,"stop":1690691513258,"duration":331}},{"uid":"5831ed7bb8c313cf","reportUrl":"https://ParthibanRajasekaran.github.io/restassured-testng-allure/208//#testresult/5831ed7bb8c313cf","status":"failed","statusDetails":"Invalid status code: 200 expected [201] but found [200]","time":{"start":1690605106170,"stop":1690605106590,"duration":420}},{"uid":"ab59bc11436d4497","reportUrl":"https://ParthibanRajasekaran.github.io/restassured-testng-allure/207//#testresult/ab59bc11436d4497","status":"failed","statusDetails":"Invalid status code: 200 expected [201] but found [200]","time":{"start":1690537696479,"stop":1690537696856,"duration":377}},{"uid":"68daf66d3c441a38","reportUrl":"https://ParthibanRajasekaran.github.io/restassured-testng-allure/207//#testresult/68daf66d3c441a38","status":"failed","statusDetails":"Invalid status code: 200 expected [201] but found [200]","time":{"start":1690535954823,"stop":1690535955280,"duration":457}},{"uid":"a7b23107db9fab39","reportUrl":"https://ParthibanRajasekaran.github.io/restassured-testng-allure/207//#testresult/a7b23107db9fab39","status":"failed","statusDetails":"Invalid status code: 200 expected [201] but found [200]","time":{"start":1690518697120,"stop":1690518697454,"duration":334}},{"uid":"8a833b653fce3444","reportUrl":"https://ParthibanRajasekaran.github.io/restassured-testng-allure/206//#testresult/8a833b653fce3444","status":"passed","time":{"start":1690432301471,"stop":1690432302808,"duration":1337}},{"uid":"b054596ce925f6ca","reportUrl":"https://ParthibanRajasekaran.github.io/restassured-testng-allure/205//#testresult/b054596ce925f6ca","status":"passed","time":{"start":1690345925213,"stop":1690345926939,"duration":1726}},{"uid":"47c8921d13d6a18f","reportUrl":"https://ParthibanRajasekaran.github.io/restassured-testng-allure/204//#testresult/47c8921d13d6a18f","status":"passed","time":{"start":1690259557232,"stop":1690259559089,"duration":1857}}]},"tags":[]},"source":"99fd23233d0b2a3f.json","parameterValues":[]}