{"uid":"1b085b0902258252","name":"testCustomerDetailsRetrieval","fullName":"com.template.project.api.tests.featureflow.SampleTest.testCustomerDetailsRetrieval","historyId":"f898b64c29b29e5925bcbaafa979d804","time":{"start":1692765112786,"stop":1692765113203,"duration":417},"description":"Verify Customer creation and retrieve created Customer details","descriptionHtml":"<p>Verify Customer creation and retrieve created Customer details</p>\n","status":"failed","statusMessage":"1 expectation failed.\nExpected content-type \"JSON\" doesn't match actual content-type \"text/html;charset=UTF-8\".\n","statusTrace":"java.lang.AssertionError: 1 expectation failed.\nExpected content-type \"JSON\" doesn't match actual content-type \"text/html;charset=UTF-8\".\n\n\tat java.base/jdk.internal.reflect.NativeConstructorAccessorImpl.newInstance0(Native Method)\n\tat java.base/jdk.internal.reflect.NativeConstructorAccessorImpl.newInstance(NativeConstructorAccessorImpl.java:77)\n\tat java.base/jdk.internal.reflect.DelegatingConstructorAccessorImpl.newInstance(DelegatingConstructorAccessorImpl.java:45)\n\tat java.base/java.lang.reflect.Constructor.newInstanceWithCaller(Constructor.java:499)\n\tat java.base/java.lang.reflect.Constructor.newInstance(Constructor.java:480)\n\tat org.codehaus.groovy.reflection.CachedConstructor.invoke(CachedConstructor.java:73)\n\tat org.codehaus.groovy.runtime.callsite.ConstructorSite$ConstructorSiteNoUnwrapNoCoerce.callConstructor(ConstructorSite.java:108)\n\tat org.codehaus.groovy.runtime.callsite.AbstractCallSite.callConstructor(AbstractCallSite.java:277)\n\tat io.restassured.internal.ResponseSpecificationImpl$HamcrestAssertionClosure.validate(ResponseSpecificationImpl.groovy:512)\n\tat io.restassured.internal.ResponseSpecificationImpl$HamcrestAssertionClosure$validate$3.call(Unknown Source)\n\tat io.restassured.internal.ResponseSpecificationImpl.validateResponseIfRequired(ResponseSpecificationImpl.groovy:696)\n\tat io.restassured.internal.ResponseSpecificationImpl.this$2$validateResponseIfRequired(ResponseSpecificationImpl.groovy)\n\tat java.base/jdk.internal.reflect.NativeMethodAccessorImpl.invoke0(Native Method)\n\tat java.base/jdk.internal.reflect.NativeMethodAccessorImpl.invoke(NativeMethodAccessorImpl.java:77)\n\tat java.base/jdk.internal.reflect.DelegatingMethodAccessorImpl.invoke(DelegatingMethodAccessorImpl.java:43)\n\tat java.base/java.lang.reflect.Method.invoke(Method.java:568)\n\tat org.codehaus.groovy.runtime.callsite.PlainObjectMetaMethodSite.doInvoke(PlainObjectMetaMethodSite.java:43)\n\tat org.codehaus.groovy.runtime.callsite.PogoMetaMethodSite$PogoCachedMethodSiteNoUnwrapNoCoerce.invoke(PogoMetaMethodSite.java:198)\n\tat org.codehaus.groovy.runtime.callsite.PogoMetaMethodSite.callCurrent(PogoMetaMethodSite.java:62)\n\tat org.codehaus.groovy.runtime.callsite.AbstractCallSite.callCurrent(AbstractCallSite.java:185)\n\tat io.restassured.internal.ResponseSpecificationImpl.contentType(ResponseSpecificationImpl.groovy:435)\n\tat io.restassured.internal.ValidatableResponseOptionsImpl.contentType(ValidatableResponseOptionsImpl.java:220)\n\tat com.template.project.api.request.SampleRequests.createCustomer(SampleRequests.java:43)\n\tat com.template.project.api.tests.featureflow.SampleTest.testCustomerDetailsRetrieval(SampleTest.java:33)\n\tat java.base/jdk.internal.reflect.NativeMethodAccessorImpl.invoke0(Native Method)\n\tat java.base/jdk.internal.reflect.NativeMethodAccessorImpl.invoke(NativeMethodAccessorImpl.java:77)\n\tat java.base/jdk.internal.reflect.DelegatingMethodAccessorImpl.invoke(DelegatingMethodAccessorImpl.java:43)\n\tat java.base/java.lang.reflect.Method.invoke(Method.java:568)\n\tat org.testng.internal.invokers.MethodInvocationHelper.invokeMethod(MethodInvocationHelper.java:139)\n\tat org.testng.internal.invokers.TestInvoker.invokeMethod(TestInvoker.java:677)\n\tat org.testng.internal.invokers.TestInvoker.invokeTestMethod(TestInvoker.java:221)\n\tat org.testng.internal.invokers.MethodRunner.runInSequence(MethodRunner.java:50)\n\tat org.testng.internal.invokers.TestInvoker$MethodInvocationAgent.invoke(TestInvoker.java:969)\n\tat org.testng.internal.invokers.TestInvoker.invokeTestMethods(TestInvoker.java:194)\n\tat org.testng.internal.invokers.TestMethodWorker.invokeTestMethods(TestMethodWorker.java:148)\n\tat org.testng.internal.invokers.TestMethodWorker.run(TestMethodWorker.java:128)\n\tat java.base/java.util.concurrent.ThreadPoolExecutor.runWorker(ThreadPoolExecutor.java:1136)\n\tat java.base/java.util.concurrent.ThreadPoolExecutor$Worker.run(ThreadPoolExecutor.java:635)\n\tat java.base/java.lang.Thread.run(Thread.java:833)\n","flaky":false,"newFailed":false,"newBroken":false,"newPassed":false,"retriesCount":0,"retriesStatusChange":false,"beforeStages":[],"testStage":{"description":"Verify Customer creation and retrieve created Customer details","status":"failed","statusMessage":"1 expectation failed.\nExpected content-type \"JSON\" doesn't match actual content-type \"text/html;charset=UTF-8\".\n","statusTrace":"java.lang.AssertionError: 1 expectation failed.\nExpected content-type \"JSON\" doesn't match actual content-type \"text/html;charset=UTF-8\".\n\n\tat java.base/jdk.internal.reflect.NativeConstructorAccessorImpl.newInstance0(Native Method)\n\tat java.base/jdk.internal.reflect.NativeConstructorAccessorImpl.newInstance(NativeConstructorAccessorImpl.java:77)\n\tat java.base/jdk.internal.reflect.DelegatingConstructorAccessorImpl.newInstance(DelegatingConstructorAccessorImpl.java:45)\n\tat java.base/java.lang.reflect.Constructor.newInstanceWithCaller(Constructor.java:499)\n\tat java.base/java.lang.reflect.Constructor.newInstance(Constructor.java:480)\n\tat org.codehaus.groovy.reflection.CachedConstructor.invoke(CachedConstructor.java:73)\n\tat org.codehaus.groovy.runtime.callsite.ConstructorSite$ConstructorSiteNoUnwrapNoCoerce.callConstructor(ConstructorSite.java:108)\n\tat org.codehaus.groovy.runtime.callsite.AbstractCallSite.callConstructor(AbstractCallSite.java:277)\n\tat io.restassured.internal.ResponseSpecificationImpl$HamcrestAssertionClosure.validate(ResponseSpecificationImpl.groovy:512)\n\tat io.restassured.internal.ResponseSpecificationImpl$HamcrestAssertionClosure$validate$3.call(Unknown Source)\n\tat io.restassured.internal.ResponseSpecificationImpl.validateResponseIfRequired(ResponseSpecificationImpl.groovy:696)\n\tat io.restassured.internal.ResponseSpecificationImpl.this$2$validateResponseIfRequired(ResponseSpecificationImpl.groovy)\n\tat java.base/jdk.internal.reflect.NativeMethodAccessorImpl.invoke0(Native Method)\n\tat java.base/jdk.internal.reflect.NativeMethodAccessorImpl.invoke(NativeMethodAccessorImpl.java:77)\n\tat java.base/jdk.internal.reflect.DelegatingMethodAccessorImpl.invoke(DelegatingMethodAccessorImpl.java:43)\n\tat java.base/java.lang.reflect.Method.invoke(Method.java:568)\n\tat org.codehaus.groovy.runtime.callsite.PlainObjectMetaMethodSite.doInvoke(PlainObjectMetaMethodSite.java:43)\n\tat org.codehaus.groovy.runtime.callsite.PogoMetaMethodSite$PogoCachedMethodSiteNoUnwrapNoCoerce.invoke(PogoMetaMethodSite.java:198)\n\tat org.codehaus.groovy.runtime.callsite.PogoMetaMethodSite.callCurrent(PogoMetaMethodSite.java:62)\n\tat org.codehaus.groovy.runtime.callsite.AbstractCallSite.callCurrent(AbstractCallSite.java:185)\n\tat io.restassured.internal.ResponseSpecificationImpl.contentType(ResponseSpecificationImpl.groovy:435)\n\tat io.restassured.internal.ValidatableResponseOptionsImpl.contentType(ValidatableResponseOptionsImpl.java:220)\n\tat com.template.project.api.request.SampleRequests.createCustomer(SampleRequests.java:43)\n\tat com.template.project.api.tests.featureflow.SampleTest.testCustomerDetailsRetrieval(SampleTest.java:33)\n\tat java.base/jdk.internal.reflect.NativeMethodAccessorImpl.invoke0(Native Method)\n\tat java.base/jdk.internal.reflect.NativeMethodAccessorImpl.invoke(NativeMethodAccessorImpl.java:77)\n\tat java.base/jdk.internal.reflect.DelegatingMethodAccessorImpl.invoke(DelegatingMethodAccessorImpl.java:43)\n\tat java.base/java.lang.reflect.Method.invoke(Method.java:568)\n\tat org.testng.internal.invokers.MethodInvocationHelper.invokeMethod(MethodInvocationHelper.java:139)\n\tat org.testng.internal.invokers.TestInvoker.invokeMethod(TestInvoker.java:677)\n\tat org.testng.internal.invokers.TestInvoker.invokeTestMethod(TestInvoker.java:221)\n\tat org.testng.internal.invokers.MethodRunner.runInSequence(MethodRunner.java:50)\n\tat org.testng.internal.invokers.TestInvoker$MethodInvocationAgent.invoke(TestInvoker.java:969)\n\tat org.testng.internal.invokers.TestInvoker.invokeTestMethods(TestInvoker.java:194)\n\tat org.testng.internal.invokers.TestMethodWorker.invokeTestMethods(TestMethodWorker.java:148)\n\tat org.testng.internal.invokers.TestMethodWorker.run(TestMethodWorker.java:128)\n\tat java.base/java.util.concurrent.ThreadPoolExecutor.runWorker(ThreadPoolExecutor.java:1136)\n\tat java.base/java.util.concurrent.ThreadPoolExecutor$Worker.run(ThreadPoolExecutor.java:635)\n\tat java.base/java.lang.Thread.run(Thread.java:833)\n","steps":[{"name":"Create Customer using POST request","time":{"start":1692765112786,"stop":1692765113203,"duration":417},"status":"failed","statusMessage":"1 expectation failed.\nExpected content-type \"JSON\" doesn't match actual content-type \"text/html;charset=UTF-8\".\n","statusTrace":"java.lang.AssertionError: 1 expectation failed.\nExpected content-type \"JSON\" doesn't match actual content-type \"text/html;charset=UTF-8\".\n\n\tat java.base/jdk.internal.reflect.NativeConstructorAccessorImpl.newInstance0(Native Method)\n\tat java.base/jdk.internal.reflect.NativeConstructorAccessorImpl.newInstance(NativeConstructorAccessorImpl.java:77)\n\tat java.base/jdk.internal.reflect.DelegatingConstructorAccessorImpl.newInstance(DelegatingConstructorAccessorImpl.java:45)\n\tat java.base/java.lang.reflect.Constructor.newInstanceWithCaller(Constructor.java:499)\n\tat java.base/java.lang.reflect.Constructor.newInstance(Constructor.java:480)\n\tat org.codehaus.groovy.reflection.CachedConstructor.invoke(CachedConstructor.java:73)\n\tat org.codehaus.groovy.runtime.callsite.ConstructorSite$ConstructorSiteNoUnwrapNoCoerce.callConstructor(ConstructorSite.java:108)\n\tat org.codehaus.groovy.runtime.callsite.AbstractCallSite.callConstructor(AbstractCallSite.java:277)\n\tat io.restassured.internal.ResponseSpecificationImpl$HamcrestAssertionClosure.validate(ResponseSpecificationImpl.groovy:512)\n\tat io.restassured.internal.ResponseSpecificationImpl$HamcrestAssertionClosure$validate$3.call(Unknown Source)\n\tat io.restassured.internal.ResponseSpecificationImpl.validateResponseIfRequired(ResponseSpecificationImpl.groovy:696)\n\tat io.restassured.internal.ResponseSpecificationImpl.this$2$validateResponseIfRequired(ResponseSpecificationImpl.groovy)\n\tat java.base/jdk.internal.reflect.NativeMethodAccessorImpl.invoke0(Native Method)\n\tat java.base/jdk.internal.reflect.NativeMethodAccessorImpl.invoke(NativeMethodAccessorImpl.java:77)\n\tat java.base/jdk.internal.reflect.DelegatingMethodAccessorImpl.invoke(DelegatingMethodAccessorImpl.java:43)\n\tat java.base/java.lang.reflect.Method.invoke(Method.java:568)\n\tat org.codehaus.groovy.runtime.callsite.PlainObjectMetaMethodSite.doInvoke(PlainObjectMetaMethodSite.java:43)\n\tat org.codehaus.groovy.runtime.callsite.PogoMetaMethodSite$PogoCachedMethodSiteNoUnwrapNoCoerce.invoke(PogoMetaMethodSite.java:198)\n\tat org.codehaus.groovy.runtime.callsite.PogoMetaMethodSite.callCurrent(PogoMetaMethodSite.java:62)\n\tat org.codehaus.groovy.runtime.callsite.AbstractCallSite.callCurrent(AbstractCallSite.java:185)\n\tat io.restassured.internal.ResponseSpecificationImpl.contentType(ResponseSpecificationImpl.groovy:435)\n\tat io.restassured.internal.ValidatableResponseOptionsImpl.contentType(ValidatableResponseOptionsImpl.java:220)\n\tat com.template.project.api.request.SampleRequests.createCustomer(SampleRequests.java:43)\n\tat com.template.project.api.tests.featureflow.SampleTest.testCustomerDetailsRetrieval(SampleTest.java:33)\n\tat java.base/jdk.internal.reflect.NativeMethodAccessorImpl.invoke0(Native Method)\n\tat java.base/jdk.internal.reflect.NativeMethodAccessorImpl.invoke(NativeMethodAccessorImpl.java:77)\n\tat java.base/jdk.internal.reflect.DelegatingMethodAccessorImpl.invoke(DelegatingMethodAccessorImpl.java:43)\n\tat java.base/java.lang.reflect.Method.invoke(Method.java:568)\n\tat org.testng.internal.invokers.MethodInvocationHelper.invokeMethod(MethodInvocationHelper.java:139)\n\tat org.testng.internal.invokers.TestInvoker.invokeMethod(TestInvoker.java:677)\n\tat org.testng.internal.invokers.TestInvoker.invokeTestMethod(TestInvoker.java:221)\n\tat org.testng.internal.invokers.MethodRunner.runInSequence(MethodRunner.java:50)\n\tat org.testng.internal.invokers.TestInvoker$MethodInvocationAgent.invoke(TestInvoker.java:969)\n\tat org.testng.internal.invokers.TestInvoker.invokeTestMethods(TestInvoker.java:194)\n\tat org.testng.internal.invokers.TestMethodWorker.invokeTestMethods(TestMethodWorker.java:148)\n\tat org.testng.internal.invokers.TestMethodWorker.run(TestMethodWorker.java:128)\n\tat java.base/java.util.concurrent.ThreadPoolExecutor.runWorker(ThreadPoolExecutor.java:1136)\n\tat java.base/java.util.concurrent.ThreadPoolExecutor$Worker.run(ThreadPoolExecutor.java:635)\n\tat java.base/java.lang.Thread.run(Thread.java:833)\n","steps":[{"name":"Get value from Environment config file","time":{"start":1692765112787,"stop":1692765112787,"duration":0},"status":"passed","steps":[{"name":"INFO: Tests are run on defaultconfig","time":{"start":1692765112787,"stop":1692765112787,"duration":0},"status":"passed","steps":[],"attachments":[],"parameters":[{"name":"message","value":"Tests are run on defaultconfig"}],"stepsCount":0,"attachmentsCount":0,"shouldDisplayMessage":false,"hasContent":true},{"name":"INFO: https://api.predic8.de:443 is read from environment file","time":{"start":1692765112787,"stop":1692765112787,"duration":0},"status":"passed","steps":[],"attachments":[],"parameters":[{"name":"message","value":"https://api.predic8.de:443 is read from environment file"}],"stepsCount":0,"attachmentsCount":0,"shouldDisplayMessage":false,"hasContent":true}],"attachments":[],"parameters":[{"name":"propName","value":"host_api"}],"stepsCount":2,"attachmentsCount":0,"shouldDisplayMessage":false,"hasContent":true},{"name":"INFO: Base URI : https://api.predic8.de:443","time":{"start":1692765112788,"stop":1692765112789,"duration":1},"status":"passed","steps":[],"attachments":[],"parameters":[{"name":"message","value":"Base URI : https://api.predic8.de:443"}],"stepsCount":0,"attachmentsCount":0,"shouldDisplayMessage":false,"hasContent":true},{"name":"INFO: Path : /shop/customers/","time":{"start":1692765112789,"stop":1692765112789,"duration":0},"status":"passed","steps":[],"attachments":[],"parameters":[{"name":"message","value":"Path : /shop/customers/"}],"stepsCount":0,"attachmentsCount":0,"shouldDisplayMessage":false,"hasContent":true}],"attachments":[{"uid":"8b3fac388513db23","name":"request body :","source":"8b3fac388513db23.txt","type":"text/plain","size":74},{"uid":"69fccd2597774570","name":"Request","source":"69fccd2597774570.html","type":"text/html","size":662},{"uid":"d3ed5f48fa560a46","name":"HTTP/1.1 301 Moved Permanently","source":"d3ed5f48fa560a46.html","type":"text/html","size":700}],"parameters":[{"name":"firstname","value":"customerFirstName"},{"name":"lastname","value":"customerLastName"}],"stepsCount":5,"attachmentsCount":3,"shouldDisplayMessage":true,"hasContent":true}],"attachments":[],"parameters":[],"stepsCount":6,"attachmentsCount":3,"shouldDisplayMessage":false,"hasContent":true},"afterStages":[],"labels":[{"name":"package","value":"com.template.project.api.tests.featureflow.SampleTest"},{"name":"testClass","value":"com.template.project.api.tests.featureflow.SampleTest"},{"name":"testMethod","value":"testCustomerDetailsRetrieval"},{"name":"parentSuite","value":"API integration suite"},{"name":"suite","value":"SHOP - Customer Flow"},{"name":"subSuite","value":"com.template.project.api.tests.featureflow.SampleTest"},{"name":"host","value":"fv-az397-957"},{"name":"thread","value":"2212@fv-az397-957.TestNG-test=SHOP - Customer Flow-2(17)"},{"name":"framework","value":"testng"},{"name":"language","value":"java"},{"name":"feature","value":"Shop"},{"name":"resultFormat","value":"allure2"}],"parameters":[],"links":[],"hidden":false,"retry":false,"extra":{"severity":"normal","retries":[],"categories":[{"name":"Product defects","matchedStatuses":[],"flaky":false}],"history":{"statistic":{"failed":29,"broken":0,"skipped":0,"passed":136,"unknown":0,"total":165},"items":[{"uid":"b6e0e3a95b5a43ab","reportUrl":"https://ParthibanRajasekaran.github.io/restassured-testng-allure/232//#testresult/b6e0e3a95b5a43ab","status":"failed","statusDetails":"1 expectation failed.\nExpected content-type \"JSON\" doesn't match actual content-type \"text/html;charset=UTF-8\".\n","time":{"start":1692678719403,"stop":1692678719802,"duration":399}},{"uid":"261909da6f64b59f","reportUrl":"https://ParthibanRajasekaran.github.io/restassured-testng-allure/231//#testresult/261909da6f64b59f","status":"failed","statusDetails":"1 expectation failed.\nExpected content-type \"JSON\" doesn't match actual content-type \"text/html;charset=UTF-8\".\n","time":{"start":1692592314481,"stop":1692592314918,"duration":437}},{"uid":"a69d5874742ec64a","reportUrl":"https://ParthibanRajasekaran.github.io/restassured-testng-allure/230//#testresult/a69d5874742ec64a","status":"failed","statusDetails":"1 expectation failed.\nExpected content-type \"JSON\" doesn't match actual content-type \"text/html;charset=UTF-8\".\n","time":{"start":1692505905179,"stop":1692505905717,"duration":538}},{"uid":"150429591a14aa4","reportUrl":"https://ParthibanRajasekaran.github.io/restassured-testng-allure/229//#testresult/150429591a14aa4","status":"failed","statusDetails":"1 expectation failed.\nExpected content-type \"JSON\" doesn't match actual content-type \"text/html;charset=UTF-8\".\n","time":{"start":1692419507191,"stop":1692419507720,"duration":529}},{"uid":"c40e2c29ac8b046f","reportUrl":"https://ParthibanRajasekaran.github.io/restassured-testng-allure/228//#testresult/c40e2c29ac8b046f","status":"failed","statusDetails":"1 expectation failed.\nExpected content-type \"JSON\" doesn't match actual content-type \"text/html;charset=UTF-8\".\n","time":{"start":1692333100341,"stop":1692333100716,"duration":375}},{"uid":"31280967d2697b28","reportUrl":"https://ParthibanRajasekaran.github.io/restassured-testng-allure/227//#testresult/31280967d2697b28","status":"failed","statusDetails":"1 expectation failed.\nExpected content-type \"JSON\" doesn't match actual content-type \"text/html;charset=UTF-8\".\n","time":{"start":1692246727650,"stop":1692246728112,"duration":462}},{"uid":"5dd2a7f15fee70f5","reportUrl":"https://ParthibanRajasekaran.github.io/restassured-testng-allure/226//#testresult/5dd2a7f15fee70f5","status":"failed","statusDetails":"1 expectation failed.\nExpected content-type \"JSON\" doesn't match actual content-type \"text/html;charset=UTF-8\".\n","time":{"start":1692160300522,"stop":1692160300877,"duration":355}},{"uid":"9536043a13756965","reportUrl":"https://ParthibanRajasekaran.github.io/restassured-testng-allure/225//#testresult/9536043a13756965","status":"failed","statusDetails":"1 expectation failed.\nExpected content-type \"JSON\" doesn't match actual content-type \"text/html;charset=UTF-8\".\n","time":{"start":1692073883976,"stop":1692073884337,"duration":361}},{"uid":"cdb5482d6b271785","reportUrl":"https://ParthibanRajasekaran.github.io/restassured-testng-allure/224//#testresult/cdb5482d6b271785","status":"failed","statusDetails":"1 expectation failed.\nExpected content-type \"JSON\" doesn't match actual content-type \"text/html;charset=UTF-8\".\n","time":{"start":1691987505799,"stop":1691987506371,"duration":572}},{"uid":"7a2b15c98c5ec474","reportUrl":"https://ParthibanRajasekaran.github.io/restassured-testng-allure/223//#testresult/7a2b15c98c5ec474","status":"failed","statusDetails":"1 expectation failed.\nExpected content-type \"JSON\" doesn't match actual content-type \"text/html;charset=UTF-8\".\n","time":{"start":1691901097924,"stop":1691901098283,"duration":359}},{"uid":"3c85f27a4730b982","reportUrl":"https://ParthibanRajasekaran.github.io/restassured-testng-allure/222//#testresult/3c85f27a4730b982","status":"failed","statusDetails":"1 expectation failed.\nExpected content-type \"JSON\" doesn't match actual content-type \"text/html;charset=UTF-8\".\n","time":{"start":1691814695466,"stop":1691814695798,"duration":332}},{"uid":"6b1a831311a5ed25","reportUrl":"https://ParthibanRajasekaran.github.io/restassured-testng-allure/221//#testresult/6b1a831311a5ed25","status":"failed","statusDetails":"Invalid status code: 200 expected [201] but found [200]","time":{"start":1691728314767,"stop":1691728315209,"duration":442}},{"uid":"98b73479722ff608","reportUrl":"https://ParthibanRajasekaran.github.io/restassured-testng-allure/220//#testresult/98b73479722ff608","status":"failed","statusDetails":"Invalid status code: 200 expected [201] but found [200]","time":{"start":1691641907060,"stop":1691641907399,"duration":339}},{"uid":"7805eca15cf73052","reportUrl":"https://ParthibanRajasekaran.github.io/restassured-testng-allure/219//#testresult/7805eca15cf73052","status":"failed","statusDetails":"Invalid status code: 200 expected [201] but found [200]","time":{"start":1691555481294,"stop":1691555481623,"duration":329}},{"uid":"6d3a8c0d1985194","reportUrl":"https://ParthibanRajasekaran.github.io/restassured-testng-allure/218//#testresult/6d3a8c0d1985194","status":"failed","statusDetails":"Invalid status code: 200 expected [201] but found [200]","time":{"start":1691469111136,"stop":1691469111580,"duration":444}},{"uid":"838d4d937d4d82e3","reportUrl":"https://ParthibanRajasekaran.github.io/restassured-testng-allure/217//#testresult/838d4d937d4d82e3","status":"failed","statusDetails":"Invalid status code: 200 expected [201] but found [200]","time":{"start":1691382707037,"stop":1691382707516,"duration":479}},{"uid":"23c453dadad118ae","reportUrl":"https://ParthibanRajasekaran.github.io/restassured-testng-allure/216//#testresult/23c453dadad118ae","status":"failed","statusDetails":"Invalid status code: 200 expected [201] but found [200]","time":{"start":1691296305034,"stop":1691296305363,"duration":329}},{"uid":"2a61777acd564c62","reportUrl":"https://ParthibanRajasekaran.github.io/restassured-testng-allure/215//#testresult/2a61777acd564c62","status":"failed","statusDetails":"Invalid status code: 200 expected [201] but found [200]","time":{"start":1691209929846,"stop":1691209930334,"duration":488}},{"uid":"d42a224804a0a718","reportUrl":"https://ParthibanRajasekaran.github.io/restassured-testng-allure/214//#testresult/d42a224804a0a718","status":"failed","statusDetails":"Invalid status code: 200 expected [201] but found [200]","time":{"start":1691123495842,"stop":1691123496196,"duration":354}},{"uid":"d914d792f320de95","reportUrl":"https://ParthibanRajasekaran.github.io/restassured-testng-allure/213//#testresult/d914d792f320de95","status":"failed","statusDetails":"Invalid status code: 200 expected [201] but found [200]","time":{"start":1691037100614,"stop":1691037100943,"duration":329}}]},"tags":[]},"source":"1b085b0902258252.json","parameterValues":[]}